<?xml version="1.0" encoding="UTF-8"?>
<robot generator="Robot 5.0.1 (Python 3.9.13 on darwin)" generated="20230611 21:32:22.491" rpa="true" schemaversion="3">
<suite id="s1" name="Tasks" source="/Users/qa/my-rsb-robot/tasks.robot">
<test id="s1-t1" name="Insert the sales data for the week and export it as a PDF" line="8">
<status status="FAIL" starttime="20230611 21:32:25.458" endtime="20230611 21:32:25.463">Task contains no keywords.</status>
</test>
<doc>Playwright template.</doc>
<status status="FAIL" starttime="20230611 21:32:22.499" endtime="20230611 21:32:25.467"/>
</suite>
<statistics>
<total>
<stat pass="0" fail="1" skip="0">All Tasks</stat>
</total>
<tag>
</tag>
<suite>
<stat pass="0" fail="1" skip="0" id="s1" name="Tasks">Tasks</stat>
</suite>
</statistics>
<errors>
</errors>
</robot>
