<?xml version="1.0" encoding="UTF-8"?>
<robot generator="Robot 5.0.1 (Python 3.9.13 on darwin)" generated="20230807 00:42:26.959" rpa="true" schemaversion="3">
<suite id="s1" name="Tasks" source="/Users/qa/my-rsb-robot/tasks.robot">
<test id="s1-t1" name="Insert the sales data for the week and export it as a PDF" line="9">
<kw name="Open the intranet website">
<kw name="Open Browser" library="RPA.Browser.Playwright">
<arg>https://robotsparebinindustries.com/</arg>
<tag>BrowserControl</tag>
<tag>Setter</tag>
<doc>Opens a new browser instance. Use this keyword for quick experiments or debugging sessions.</doc>
<msg timestamp="20230807 00:42:30.349" level="WARN">Open Browser is for quick experimentation and debugging only. Use New Page for production.</msg>
<msg timestamp="20230807 00:42:30.351" level="INFO">{"browser": "chromium", "headless": false, "devtools": false, "handleSIGHUP": true, "handleSIGINT": true, "handleSIGTERM": true, "slowMo": 0.0, "timeout": 30000.0, "deprecated_pos_args": [], "tracesDir": "/Users/qa/my-rsb-robot/output/browser/traces/980fcfed-be64-44d7-ab08-3bbfc4426bbd"}</msg>
<msg timestamp="20230807 00:42:31.309" level="INFO">Successfully created browser with options: {"browser":"chromium","headless":false,"devtools":false,"handleSIGHUP":true,"handleSIGINT":true,"handleSIGTERM":true,"slowMo":0,"timeout":30000,"deprecated_pos_args":[],"tracesDir":"/Users/qa/my-rsb-robot/output/browser/traces/980fcfed-be64-44d7-ab08-3bbfc4426bbd"}</msg>
<msg timestamp="20230807 00:42:31.310" level="INFO">{
  "acceptDownloads": true,
  "bypassCSP": true,
  "forcedColors": "none",
  "hideRfBrowser": false,
  "ignoreHTTPSErrors": false,
  "javaScriptEnabled": true,
  "offline": false,
  "reducedMotion": "no-preference",
  "viewport": {
    "width": 1280,
    "height": 720
  },
  "deprecated_pos_args": []
}</msg>
<msg timestamp="20230807 00:42:31.328" level="INFO">Successfully created context. </msg>
<msg timestamp="20230807 00:42:31.328" level="INFO">{'acceptDownloads': True, 'bypassCSP': True, 'forcedColors': 'none', 'hideRfBrowser': False, 'ignoreHTTPSErrors': False, 'javaScriptEnabled': True, 'offline': False, 'reducedMotion': 'no-preference', 'viewport': {'width': 1280, 'height': 720}, 'deprecated_pos_args': []}</msg>
<msg timestamp="20230807 00:42:32.806" level="INFO">Successfully initialized new page object and opened url: https://robotsparebinindustries.com/</msg>
<status status="PASS" starttime="20230807 00:42:30.348" endtime="20230807 00:42:32.806"/>
</kw>
<status status="PASS" starttime="20230807 00:42:30.347" endtime="20230807 00:42:32.807"/>
</kw>
<kw name="Log in">
<kw name="Fill Text" library="RPA.Browser.Playwright">
<arg>id=username</arg>
<arg>maria</arg>
<tag>PageContent</tag>
<tag>Setter</tag>
<doc>Clears and fills the given ``txt`` into the text field found by ``selector``.</doc>
<msg timestamp="20230807 00:42:32.809" level="INFO">Fills the text 'maria' in the given field.</msg>
<status status="PASS" starttime="20230807 00:42:32.809" endtime="20230807 00:42:32.882"/>
</kw>
<kw name="Fill Text" library="RPA.Browser.Playwright">
<arg>id=password</arg>
<arg>thoushallnotpass</arg>
<tag>PageContent</tag>
<tag>Setter</tag>
<doc>Clears and fills the given ``txt`` into the text field found by ``selector``.</doc>
<msg timestamp="20230807 00:42:32.883" level="INFO">Fills the text 'thoushallnotpass' in the given field.</msg>
<status status="PASS" starttime="20230807 00:42:32.882" endtime="20230807 00:42:32.911"/>
</kw>
<kw name="Click" library="RPA.Browser.Playwright">
<arg>css=button.btn-primary</arg>
<tag>PageContent</tag>
<tag>Setter</tag>
<doc>Simulates mouse click on the element found by ``selector``.</doc>
<status status="PASS" starttime="20230807 00:42:32.911" endtime="20230807 00:42:32.977"/>
</kw>
<kw name="Wait For Elements State" library="RPA.Browser.Playwright">
<arg>id=sales-form</arg>
<arg>visible</arg>
<tag>PageContent</tag>
<tag>Wait</tag>
<doc>Waits for the element found by ``selector`` to satisfy state option.</doc>
<msg timestamp="20230807 00:42:35.183" level="INFO">Waited for Element with selector id=sales-form at state visible</msg>
<status status="PASS" starttime="20230807 00:42:32.978" endtime="20230807 00:42:35.184"/>
</kw>
<status status="PASS" starttime="20230807 00:42:32.808" endtime="20230807 00:42:35.184"/>
</kw>
<kw name="Download the Excel file">
<kw name="Download" library="RPA.HTTP">
<arg>https://robotsparebinindustries.com/SalesData.xlsx</arg>
<arg>overwrite=True</arg>
<doc>An alias for the ``HTTP Get`` keyword.</doc>
<msg timestamp="20230807 00:42:35.188" level="INFO">Creating a new HTTP session</msg>
<msg timestamp="20230807 00:42:35.189" level="INFO">Creating Session using : alias=rpasession_alias.httpsrobotsparebinindustries.com, url=https://robotsparebinindustries.com, headers={},                     cookies={}, auth=None, timeout=None, proxies=None, verify=True,                     debug=0 </msg>
<status status="PASS" starttime="20230807 00:42:35.186" endtime="20230807 00:42:35.379"/>
</kw>
<status status="PASS" starttime="20230807 00:42:35.185" endtime="20230807 00:42:35.380"/>
</kw>
<kw name="Fill the form using the data from the Excel file">
<kw name="Open Workbook" library="RPA.Excel.Files">
<arg>SalesData.xlsx</arg>
<doc>Open an existing Excel workbook.</doc>
<msg timestamp="20230807 00:42:35.428" level="INFO">Opened workbook: &lt;RPA.Excel.Files.XlsxWorkbook object at 0x11454f070&gt;</msg>
<status status="PASS" starttime="20230807 00:42:35.381" endtime="20230807 00:42:35.429"/>
</kw>
<kw name="Read Worksheet As Table" library="RPA.Excel.Files">
<var>${sales_reps}</var>
<arg>header=True</arg>
<doc>Read the contents of a worksheet into a Table container. Allows
sorting/filtering/manipulating using the ``RPA.Tables`` library.</doc>
<msg timestamp="20230807 00:42:35.437" level="INFO">Created table: Table(columns=['First Name', 'Last Name', 'Sales', 'Sales Target'], rows=50)</msg>
<msg timestamp="20230807 00:42:35.437" level="INFO">${sales_reps} = Table(columns=['First Name', 'Last Name', 'Sales', 'Sales Target'], rows=50)</msg>
<status status="PASS" starttime="20230807 00:42:35.429" endtime="20230807 00:42:35.437"/>
</kw>
<kw name="Close Workbook" library="RPA.Excel.Files">
<doc>Close the active workbook.</doc>
<msg timestamp="20230807 00:42:35.438" level="INFO">Closing workbook: &lt;RPA.Excel.Files.XlsxWorkbook object at 0x11454f070&gt;</msg>
<status status="PASS" starttime="20230807 00:42:35.437" endtime="20230807 00:42:35.438"/>
</kw>
<for flavor="IN">
<var>${sales_rep}</var>
<value>@{sales_reps}</value>
<iter>
<var name="${sales_rep}">{'First Name': 'David', 'Last Name': 'Heazel', 'Sales': 80193, 'Sales Target': 30000}</var>
<kw name="Fill the form using the data from one person">
<arg>${sales_rep}</arg>
<kw name="Fill Text" library="RPA.Browser.Playwright">
<arg>id=firstname</arg>
<arg>${sales_rep}[First Name]</arg>
<tag>PageContent</tag>
<tag>Setter</tag>
<doc>Clears and fills the given ``txt`` into the text field found by ``selector``.</doc>
<msg timestamp="20230807 00:42:35.441" level="INFO">Fills the text 'David' in the given field.</msg>
<status status="PASS" starttime="20230807 00:42:35.440" endtime="20230807 00:42:35.467"/>
</kw>
<kw name="Fill Text" library="RPA.Browser.Playwright">
<arg>id=lastname</arg>
<arg>${sales_rep}[Last Name]</arg>
<tag>PageContent</tag>
<tag>Setter</tag>
<doc>Clears and fills the given ``txt`` into the text field found by ``selector``.</doc>
<msg timestamp="20230807 00:42:35.468" level="INFO">Fills the text 'Heazel' in the given field.</msg>
<status status="PASS" starttime="20230807 00:42:35.468" endtime="20230807 00:42:35.480"/>
</kw>
<kw name="Convert To String" library="BuiltIn">
<var>${sales_target_string}</var>
<arg>${sales_rep}[Sales Target]</arg>
<doc>Converts the given item to a Unicode string.</doc>
<msg timestamp="20230807 00:42:35.481" level="INFO">${sales_target_string} = 30000</msg>
<status status="PASS" starttime="20230807 00:42:35.480" endtime="20230807 00:42:35.481"/>
</kw>
<kw name="Select Options By" library="RPA.Browser.Playwright">
<arg>id=salestarget</arg>
<arg>value</arg>
<arg>${sales_target_string}</arg>
<tag>PageContent</tag>
<tag>Setter</tag>
<doc>Selects options from select element found by ``selector``.</doc>
<status status="PASS" starttime="20230807 00:42:35.481" endtime="20230807 00:42:35.514"/>
</kw>
<kw name="Fill Text" library="RPA.Browser.Playwright">
<arg>id=salesresult</arg>
<arg>${sales_rep}[Sales]</arg>
<tag>PageContent</tag>
<tag>Setter</tag>
<doc>Clears and fills the given ``txt`` into the text field found by ``selector``.</doc>
<msg timestamp="20230807 00:42:35.515" level="INFO">Fills the text '80193' in the given field.</msg>
<status status="PASS" starttime="20230807 00:42:35.514" endtime="20230807 00:42:35.531"/>
</kw>
<kw name="Click" library="RPA.Browser.Playwright">
<arg>text="Submit"</arg>
<tag>PageContent</tag>
<tag>Setter</tag>
<doc>Simulates mouse click on the element found by ``selector``.</doc>
<status status="PASS" starttime="20230807 00:42:35.531" endtime="20230807 00:42:35.640"/>
</kw>
<status status="PASS" starttime="20230807 00:42:35.439" endtime="20230807 00:42:35.640"/>
</kw>
<status status="PASS" starttime="20230807 00:42:35.439" endtime="20230807 00:42:35.640"/>
</iter>
<iter>
<var name="${sales_rep}">{'First Name': 'Conte', 'Last Name': 'Mascetti', 'Sales': 141182, 'Sales Target': 35000}</var>
<kw name="Fill the form using the data from one person">
<arg>${sales_rep}</arg>
<kw name="Fill Text" library="RPA.Browser.Playwright">
<arg>id=firstname</arg>
<arg>${sales_rep}[First Name]</arg>
<tag>PageContent</tag>
<tag>Setter</tag>
<doc>Clears and fills the given ``txt`` into the text field found by ``selector``.</doc>
<msg timestamp="20230807 00:42:35.642" level="INFO">Fills the text 'Conte' in the given field.</msg>
<status status="PASS" starttime="20230807 00:42:35.642" endtime="20230807 00:42:35.670"/>
</kw>
<kw name="Fill Text" library="RPA.Browser.Playwright">
<arg>id=lastname</arg>
<arg>${sales_rep}[Last Name]</arg>
<tag>PageContent</tag>
<tag>Setter</tag>
<doc>Clears and fills the given ``txt`` into the text field found by ``selector``.</doc>
<msg timestamp="20230807 00:42:35.671" level="INFO">Fills the text 'Mascetti' in the given field.</msg>
<status status="PASS" starttime="20230807 00:42:35.670" endtime="20230807 00:42:35.685"/>
</kw>
<kw name="Convert To String" library="BuiltIn">
<var>${sales_target_string}</var>
<arg>${sales_rep}[Sales Target]</arg>
<doc>Converts the given item to a Unicode string.</doc>
<msg timestamp="20230807 00:42:35.686" level="INFO">${sales_target_string} = 35000</msg>
<status status="PASS" starttime="20230807 00:42:35.685" endtime="20230807 00:42:35.686"/>
</kw>
<kw name="Select Options By" library="RPA.Browser.Playwright">
<arg>id=salestarget</arg>
<arg>value</arg>
<arg>${sales_target_string}</arg>
<tag>PageContent</tag>
<tag>Setter</tag>
<doc>Selects options from select element found by ``selector``.</doc>
<status status="PASS" starttime="20230807 00:42:35.686" endtime="20230807 00:42:35.710"/>
</kw>
<kw name="Fill Text" library="RPA.Browser.Playwright">
<arg>id=salesresult</arg>
<arg>${sales_rep}[Sales]</arg>
<tag>PageContent</tag>
<tag>Setter</tag>
<doc>Clears and fills the given ``txt`` into the text field found by ``selector``.</doc>
<msg timestamp="20230807 00:42:35.710" level="INFO">Fills the text '141182' in the given field.</msg>
<status status="PASS" starttime="20230807 00:42:35.710" endtime="20230807 00:42:35.724"/>
</kw>
<kw name="Click" library="RPA.Browser.Playwright">
<arg>text="Submit"</arg>
<tag>PageContent</tag>
<tag>Setter</tag>
<doc>Simulates mouse click on the element found by ``selector``.</doc>
<status status="PASS" starttime="20230807 00:42:35.724" endtime="20230807 00:42:35.807"/>
</kw>
<status status="PASS" starttime="20230807 00:42:35.641" endtime="20230807 00:42:35.808"/>
</kw>
<status status="PASS" starttime="20230807 00:42:35.641" endtime="20230807 00:42:35.808"/>
</iter>
<iter>
<var name="${sales_rep}">{'First Name': 'Dallon', 'Last Name': 'Seals', 'Sales': 61456, 'Sales Target': 15000}</var>
<kw name="Fill the form using the data from one person">
<arg>${sales_rep}</arg>
<kw name="Fill Text" library="RPA.Browser.Playwright">
<arg>id=firstname</arg>
<arg>${sales_rep}[First Name]</arg>
<tag>PageContent</tag>
<tag>Setter</tag>
<doc>Clears and fills the given ``txt`` into the text field found by ``selector``.</doc>
<msg timestamp="20230807 00:42:35.810" level="INFO">Fills the text 'Dallon' in the given field.</msg>
<status status="PASS" starttime="20230807 00:42:35.809" endtime="20230807 00:42:35.848"/>
</kw>
<kw name="Fill Text" library="RPA.Browser.Playwright">
<arg>id=lastname</arg>
<arg>${sales_rep}[Last Name]</arg>
<tag>PageContent</tag>
<tag>Setter</tag>
<doc>Clears and fills the given ``txt`` into the text field found by ``selector``.</doc>
<msg timestamp="20230807 00:42:35.849" level="INFO">Fills the text 'Seals' in the given field.</msg>
<status status="PASS" starttime="20230807 00:42:35.848" endtime="20230807 00:42:35.861"/>
</kw>
<kw name="Convert To String" library="BuiltIn">
<var>${sales_target_string}</var>
<arg>${sales_rep}[Sales Target]</arg>
<doc>Converts the given item to a Unicode string.</doc>
<msg timestamp="20230807 00:42:35.862" level="INFO">${sales_target_string} = 15000</msg>
<status status="PASS" starttime="20230807 00:42:35.861" endtime="20230807 00:42:35.862"/>
</kw>
<kw name="Select Options By" library="RPA.Browser.Playwright">
<arg>id=salestarget</arg>
<arg>value</arg>
<arg>${sales_target_string}</arg>
<tag>PageContent</tag>
<tag>Setter</tag>
<doc>Selects options from select element found by ``selector``.</doc>
<status status="PASS" starttime="20230807 00:42:35.862" endtime="20230807 00:42:35.883"/>
</kw>
<kw name="Fill Text" library="RPA.Browser.Playwright">
<arg>id=salesresult</arg>
<arg>${sales_rep}[Sales]</arg>
<tag>PageContent</tag>
<tag>Setter</tag>
<doc>Clears and fills the given ``txt`` into the text field found by ``selector``.</doc>
<msg timestamp="20230807 00:42:35.884" level="INFO">Fills the text '61456' in the given field.</msg>
<status status="PASS" starttime="20230807 00:42:35.883" endtime="20230807 00:42:35.895"/>
</kw>
<kw name="Click" library="RPA.Browser.Playwright">
<arg>text="Submit"</arg>
<tag>PageContent</tag>
<tag>Setter</tag>
<doc>Simulates mouse click on the element found by ``selector``.</doc>
<status status="PASS" starttime="20230807 00:42:35.895" endtime="20230807 00:42:35.978"/>
</kw>
<status status="PASS" starttime="20230807 00:42:35.809" endtime="20230807 00:42:35.979"/>
</kw>
<status status="PASS" starttime="20230807 00:42:35.808" endtime="20230807 00:42:35.979"/>
</iter>
<iter>
<var name="${sales_rep}">{'First Name': 'Jocelyn', 'Last Name': 'Thomsson', 'Sales': 99354, 'Sales Target': 95000}</var>
<kw name="Fill the form using the data from one person">
<arg>${sales_rep}</arg>
<kw name="Fill Text" library="RPA.Browser.Playwright">
<arg>id=firstname</arg>
<arg>${sales_rep}[First Name]</arg>
<tag>PageContent</tag>
<tag>Setter</tag>
<doc>Clears and fills the given ``txt`` into the text field found by ``selector``.</doc>
<msg timestamp="20230807 00:42:35.980" level="INFO">Fills the text 'Jocelyn' in the given field.</msg>
<status status="PASS" starttime="20230807 00:42:35.980" endtime="20230807 00:42:36.007"/>
</kw>
<kw name="Fill Text" library="RPA.Browser.Playwright">
<arg>id=lastname</arg>
<arg>${sales_rep}[Last Name]</arg>
<tag>PageContent</tag>
<tag>Setter</tag>
<doc>Clears and fills the given ``txt`` into the text field found by ``selector``.</doc>
<msg timestamp="20230807 00:42:36.008" level="INFO">Fills the text 'Thomsson' in the given field.</msg>
<status status="PASS" starttime="20230807 00:42:36.008" endtime="20230807 00:42:36.021"/>
</kw>
<kw name="Convert To String" library="BuiltIn">
<var>${sales_target_string}</var>
<arg>${sales_rep}[Sales Target]</arg>
<doc>Converts the given item to a Unicode string.</doc>
<msg timestamp="20230807 00:42:36.022" level="INFO">${sales_target_string} = 95000</msg>
<status status="PASS" starttime="20230807 00:42:36.021" endtime="20230807 00:42:36.022"/>
</kw>
<kw name="Select Options By" library="RPA.Browser.Playwright">
<arg>id=salestarget</arg>
<arg>value</arg>
<arg>${sales_target_string}</arg>
<tag>PageContent</tag>
<tag>Setter</tag>
<doc>Selects options from select element found by ``selector``.</doc>
<status status="PASS" starttime="20230807 00:42:36.023" endtime="20230807 00:42:36.048"/>
</kw>
<kw name="Fill Text" library="RPA.Browser.Playwright">
<arg>id=salesresult</arg>
<arg>${sales_rep}[Sales]</arg>
<tag>PageContent</tag>
<tag>Setter</tag>
<doc>Clears and fills the given ``txt`` into the text field found by ``selector``.</doc>
<msg timestamp="20230807 00:42:36.049" level="INFO">Fills the text '99354' in the given field.</msg>
<status status="PASS" starttime="20230807 00:42:36.049" endtime="20230807 00:42:36.062"/>
</kw>
<kw name="Click" library="RPA.Browser.Playwright">
<arg>text="Submit"</arg>
<tag>PageContent</tag>
<tag>Setter</tag>
<doc>Simulates mouse click on the element found by ``selector``.</doc>
<status status="PASS" starttime="20230807 00:42:36.062" endtime="20230807 00:42:36.187"/>
</kw>
<status status="PASS" starttime="20230807 00:42:35.979" endtime="20230807 00:42:36.188"/>
</kw>
<status status="PASS" starttime="20230807 00:42:35.979" endtime="20230807 00:42:36.188"/>
</iter>
<iter>
<var name="${sales_rep}">{'First Name': 'Yoko', 'Last Name': 'Flecknell', 'Sales': 139701, 'Sales Target': 50000}</var>
<kw name="Fill the form using the data from one person">
<arg>${sales_rep}</arg>
<kw name="Fill Text" library="RPA.Browser.Playwright">
<arg>id=firstname</arg>
<arg>${sales_rep}[First Name]</arg>
<tag>PageContent</tag>
<tag>Setter</tag>
<doc>Clears and fills the given ``txt`` into the text field found by ``selector``.</doc>
<msg timestamp="20230807 00:42:36.189" level="INFO">Fills the text 'Yoko' in the given field.</msg>
<status status="PASS" starttime="20230807 00:42:36.189" endtime="20230807 00:42:36.229"/>
</kw>
<kw name="Fill Text" library="RPA.Browser.Playwright">
<arg>id=lastname</arg>
<arg>${sales_rep}[Last Name]</arg>
<tag>PageContent</tag>
<tag>Setter</tag>
<doc>Clears and fills the given ``txt`` into the text field found by ``selector``.</doc>
<msg timestamp="20230807 00:42:36.230" level="INFO">Fills the text 'Flecknell' in the given field.</msg>
<status status="PASS" starttime="20230807 00:42:36.229" endtime="20230807 00:42:36.242"/>
</kw>
<kw name="Convert To String" library="BuiltIn">
<var>${sales_target_string}</var>
<arg>${sales_rep}[Sales Target]</arg>
<doc>Converts the given item to a Unicode string.</doc>
<msg timestamp="20230807 00:42:36.243" level="INFO">${sales_target_string} = 50000</msg>
<status status="PASS" starttime="20230807 00:42:36.242" endtime="20230807 00:42:36.243"/>
</kw>
<kw name="Select Options By" library="RPA.Browser.Playwright">
<arg>id=salestarget</arg>
<arg>value</arg>
<arg>${sales_target_string}</arg>
<tag>PageContent</tag>
<tag>Setter</tag>
<doc>Selects options from select element found by ``selector``.</doc>
<status status="PASS" starttime="20230807 00:42:36.243" endtime="20230807 00:42:36.265"/>
</kw>
<kw name="Fill Text" library="RPA.Browser.Playwright">
<arg>id=salesresult</arg>
<arg>${sales_rep}[Sales]</arg>
<tag>PageContent</tag>
<tag>Setter</tag>
<doc>Clears and fills the given ``txt`` into the text field found by ``selector``.</doc>
<msg timestamp="20230807 00:42:36.266" level="INFO">Fills the text '139701' in the given field.</msg>
<status status="PASS" starttime="20230807 00:42:36.265" endtime="20230807 00:42:36.277"/>
</kw>
<kw name="Click" library="RPA.Browser.Playwright">
<arg>text="Submit"</arg>
<tag>PageContent</tag>
<tag>Setter</tag>
<doc>Simulates mouse click on the element found by ``selector``.</doc>
<status status="PASS" starttime="20230807 00:42:36.277" endtime="20230807 00:42:36.354"/>
</kw>
<status status="PASS" starttime="20230807 00:42:36.188" endtime="20230807 00:42:36.355"/>
</kw>
<status status="PASS" starttime="20230807 00:42:36.188" endtime="20230807 00:42:36.355"/>
</iter>
<iter>
<var name="${sales_rep}">{'First Name': 'Ninnette', 'Last Name': 'Heinssen', 'Sales': 63808, 'Sales Target': 25000}</var>
<kw name="Fill the form using the data from one person">
<arg>${sales_rep}</arg>
<kw name="Fill Text" library="RPA.Browser.Playwright">
<arg>id=firstname</arg>
<arg>${sales_rep}[First Name]</arg>
<tag>PageContent</tag>
<tag>Setter</tag>
<doc>Clears and fills the given ``txt`` into the text field found by ``selector``.</doc>
<msg timestamp="20230807 00:42:36.358" level="INFO">Fills the text 'Ninnette' in the given field.</msg>
<status status="PASS" starttime="20230807 00:42:36.357" endtime="20230807 00:42:36.397"/>
</kw>
<kw name="Fill Text" library="RPA.Browser.Playwright">
<arg>id=lastname</arg>
<arg>${sales_rep}[Last Name]</arg>
<tag>PageContent</tag>
<tag>Setter</tag>
<doc>Clears and fills the given ``txt`` into the text field found by ``selector``.</doc>
<msg timestamp="20230807 00:42:36.398" level="INFO">Fills the text 'Heinssen' in the given field.</msg>
<status status="PASS" starttime="20230807 00:42:36.397" endtime="20230807 00:42:36.412"/>
</kw>
<kw name="Convert To String" library="BuiltIn">
<var>${sales_target_string}</var>
<arg>${sales_rep}[Sales Target]</arg>
<doc>Converts the given item to a Unicode string.</doc>
<msg timestamp="20230807 00:42:36.414" level="INFO">${sales_target_string} = 25000</msg>
<status status="PASS" starttime="20230807 00:42:36.413" endtime="20230807 00:42:36.414"/>
</kw>
<kw name="Select Options By" library="RPA.Browser.Playwright">
<arg>id=salestarget</arg>
<arg>value</arg>
<arg>${sales_target_string}</arg>
<tag>PageContent</tag>
<tag>Setter</tag>
<doc>Selects options from select element found by ``selector``.</doc>
<status status="PASS" starttime="20230807 00:42:36.414" endtime="20230807 00:42:36.452"/>
</kw>
<kw name="Fill Text" library="RPA.Browser.Playwright">
<arg>id=salesresult</arg>
<arg>${sales_rep}[Sales]</arg>
<tag>PageContent</tag>
<tag>Setter</tag>
<doc>Clears and fills the given ``txt`` into the text field found by ``selector``.</doc>
<msg timestamp="20230807 00:42:36.453" level="INFO">Fills the text '63808' in the given field.</msg>
<status status="PASS" starttime="20230807 00:42:36.453" endtime="20230807 00:42:36.465"/>
</kw>
<kw name="Click" library="RPA.Browser.Playwright">
<arg>text="Submit"</arg>
<tag>PageContent</tag>
<tag>Setter</tag>
<doc>Simulates mouse click on the element found by ``selector``.</doc>
<status status="PASS" starttime="20230807 00:42:36.466" endtime="20230807 00:42:36.561"/>
</kw>
<status status="PASS" starttime="20230807 00:42:36.356" endtime="20230807 00:42:36.561"/>
</kw>
<status status="PASS" starttime="20230807 00:42:36.355" endtime="20230807 00:42:36.561"/>
</iter>
<iter>
<var name="${sales_rep}">{'First Name': 'Ahmed', 'Last Name': 'Vasnetsov', 'Sales': 50211, 'Sales Target': 60000}</var>
<kw name="Fill the form using the data from one person">
<arg>${sales_rep}</arg>
<kw name="Fill Text" library="RPA.Browser.Playwright">
<arg>id=firstname</arg>
<arg>${sales_rep}[First Name]</arg>
<tag>PageContent</tag>
<tag>Setter</tag>
<doc>Clears and fills the given ``txt`` into the text field found by ``selector``.</doc>
<msg timestamp="20230807 00:42:36.563" level="INFO">Fills the text 'Ahmed' in the given field.</msg>
<status status="PASS" starttime="20230807 00:42:36.563" endtime="20230807 00:42:36.596"/>
</kw>
<kw name="Fill Text" library="RPA.Browser.Playwright">
<arg>id=lastname</arg>
<arg>${sales_rep}[Last Name]</arg>
<tag>PageContent</tag>
<tag>Setter</tag>
<doc>Clears and fills the given ``txt`` into the text field found by ``selector``.</doc>
<msg timestamp="20230807 00:42:36.597" level="INFO">Fills the text 'Vasnetsov' in the given field.</msg>
<status status="PASS" starttime="20230807 00:42:36.597" endtime="20230807 00:42:36.609"/>
</kw>
<kw name="Convert To String" library="BuiltIn">
<var>${sales_target_string}</var>
<arg>${sales_rep}[Sales Target]</arg>
<doc>Converts the given item to a Unicode string.</doc>
<msg timestamp="20230807 00:42:36.610" level="INFO">${sales_target_string} = 60000</msg>
<status status="PASS" starttime="20230807 00:42:36.610" endtime="20230807 00:42:36.610"/>
</kw>
<kw name="Select Options By" library="RPA.Browser.Playwright">
<arg>id=salestarget</arg>
<arg>value</arg>
<arg>${sales_target_string}</arg>
<tag>PageContent</tag>
<tag>Setter</tag>
<doc>Selects options from select element found by ``selector``.</doc>
<status status="PASS" starttime="20230807 00:42:36.610" endtime="20230807 00:42:36.634"/>
</kw>
<kw name="Fill Text" library="RPA.Browser.Playwright">
<arg>id=salesresult</arg>
<arg>${sales_rep}[Sales]</arg>
<tag>PageContent</tag>
<tag>Setter</tag>
<doc>Clears and fills the given ``txt`` into the text field found by ``selector``.</doc>
<msg timestamp="20230807 00:42:36.635" level="INFO">Fills the text '50211' in the given field.</msg>
<status status="PASS" starttime="20230807 00:42:36.634" endtime="20230807 00:42:36.647"/>
</kw>
<kw name="Click" library="RPA.Browser.Playwright">
<arg>text="Submit"</arg>
<tag>PageContent</tag>
<tag>Setter</tag>
<doc>Simulates mouse click on the element found by ``selector``.</doc>
<status status="PASS" starttime="20230807 00:42:36.648" endtime="20230807 00:42:36.742"/>
</kw>
<status status="PASS" starttime="20230807 00:42:36.562" endtime="20230807 00:42:36.743"/>
</kw>
<status status="PASS" starttime="20230807 00:42:36.562" endtime="20230807 00:42:36.743"/>
</iter>
<iter>
<var name="${sales_rep}">{'First Name': 'Pearline', 'Last Name': 'Fenton', 'Sales': 78556, 'Sales Target': 35000}</var>
<kw name="Fill the form using the data from one person">
<arg>${sales_rep}</arg>
<kw name="Fill Text" library="RPA.Browser.Playwright">
<arg>id=firstname</arg>
<arg>${sales_rep}[First Name]</arg>
<tag>PageContent</tag>
<tag>Setter</tag>
<doc>Clears and fills the given ``txt`` into the text field found by ``selector``.</doc>
<msg timestamp="20230807 00:42:36.745" level="INFO">Fills the text 'Pearline' in the given field.</msg>
<status status="PASS" starttime="20230807 00:42:36.745" endtime="20230807 00:42:36.779"/>
</kw>
<kw name="Fill Text" library="RPA.Browser.Playwright">
<arg>id=lastname</arg>
<arg>${sales_rep}[Last Name]</arg>
<tag>PageContent</tag>
<tag>Setter</tag>
<doc>Clears and fills the given ``txt`` into the text field found by ``selector``.</doc>
<msg timestamp="20230807 00:42:36.780" level="INFO">Fills the text 'Fenton' in the given field.</msg>
<status status="PASS" starttime="20230807 00:42:36.780" endtime="20230807 00:42:36.794"/>
</kw>
<kw name="Convert To String" library="BuiltIn">
<var>${sales_target_string}</var>
<arg>${sales_rep}[Sales Target]</arg>
<doc>Converts the given item to a Unicode string.</doc>
<msg timestamp="20230807 00:42:36.795" level="INFO">${sales_target_string} = 35000</msg>
<status status="PASS" starttime="20230807 00:42:36.794" endtime="20230807 00:42:36.795"/>
</kw>
<kw name="Select Options By" library="RPA.Browser.Playwright">
<arg>id=salestarget</arg>
<arg>value</arg>
<arg>${sales_target_string}</arg>
<tag>PageContent</tag>
<tag>Setter</tag>
<doc>Selects options from select element found by ``selector``.</doc>
<status status="PASS" starttime="20230807 00:42:36.795" endtime="20230807 00:42:36.817"/>
</kw>
<kw name="Fill Text" library="RPA.Browser.Playwright">
<arg>id=salesresult</arg>
<arg>${sales_rep}[Sales]</arg>
<tag>PageContent</tag>
<tag>Setter</tag>
<doc>Clears and fills the given ``txt`` into the text field found by ``selector``.</doc>
<msg timestamp="20230807 00:42:36.818" level="INFO">Fills the text '78556' in the given field.</msg>
<status status="PASS" starttime="20230807 00:42:36.817" endtime="20230807 00:42:36.830"/>
</kw>
<kw name="Click" library="RPA.Browser.Playwright">
<arg>text="Submit"</arg>
<tag>PageContent</tag>
<tag>Setter</tag>
<doc>Simulates mouse click on the element found by ``selector``.</doc>
<status status="PASS" starttime="20230807 00:42:36.830" endtime="20230807 00:42:36.925"/>
</kw>
<status status="PASS" starttime="20230807 00:42:36.744" endtime="20230807 00:42:36.925"/>
</kw>
<status status="PASS" starttime="20230807 00:42:36.743" endtime="20230807 00:42:36.925"/>
</iter>
<iter>
<var name="${sales_rep}">{'First Name': 'Lelah', 'Last Name': 'Yewdale', 'Sales': 122695, 'Sales Target': 100000}</var>
<kw name="Fill the form using the data from one person">
<arg>${sales_rep}</arg>
<kw name="Fill Text" library="RPA.Browser.Playwright">
<arg>id=firstname</arg>
<arg>${sales_rep}[First Name]</arg>
<tag>PageContent</tag>
<tag>Setter</tag>
<doc>Clears and fills the given ``txt`` into the text field found by ``selector``.</doc>
<msg timestamp="20230807 00:42:36.927" level="INFO">Fills the text 'Lelah' in the given field.</msg>
<status status="PASS" starttime="20230807 00:42:36.927" endtime="20230807 00:42:37.007"/>
</kw>
<kw name="Fill Text" library="RPA.Browser.Playwright">
<arg>id=lastname</arg>
<arg>${sales_rep}[Last Name]</arg>
<tag>PageContent</tag>
<tag>Setter</tag>
<doc>Clears and fills the given ``txt`` into the text field found by ``selector``.</doc>
<msg timestamp="20230807 00:42:37.008" level="INFO">Fills the text 'Yewdale' in the given field.</msg>
<status status="PASS" starttime="20230807 00:42:37.008" endtime="20230807 00:42:37.023"/>
</kw>
<kw name="Convert To String" library="BuiltIn">
<var>${sales_target_string}</var>
<arg>${sales_rep}[Sales Target]</arg>
<doc>Converts the given item to a Unicode string.</doc>
<msg timestamp="20230807 00:42:37.024" level="INFO">${sales_target_string} = 100000</msg>
<status status="PASS" starttime="20230807 00:42:37.024" endtime="20230807 00:42:37.024"/>
</kw>
<kw name="Select Options By" library="RPA.Browser.Playwright">
<arg>id=salestarget</arg>
<arg>value</arg>
<arg>${sales_target_string}</arg>
<tag>PageContent</tag>
<tag>Setter</tag>
<doc>Selects options from select element found by ``selector``.</doc>
<status status="PASS" starttime="20230807 00:42:37.025" endtime="20230807 00:42:37.048"/>
</kw>
<kw name="Fill Text" library="RPA.Browser.Playwright">
<arg>id=salesresult</arg>
<arg>${sales_rep}[Sales]</arg>
<tag>PageContent</tag>
<tag>Setter</tag>
<doc>Clears and fills the given ``txt`` into the text field found by ``selector``.</doc>
<msg timestamp="20230807 00:42:37.049" level="INFO">Fills the text '122695' in the given field.</msg>
<status status="PASS" starttime="20230807 00:42:37.049" endtime="20230807 00:42:37.062"/>
</kw>
<kw name="Click" library="RPA.Browser.Playwright">
<arg>text="Submit"</arg>
<tag>PageContent</tag>
<tag>Setter</tag>
<doc>Simulates mouse click on the element found by ``selector``.</doc>
<status status="PASS" starttime="20230807 00:42:37.062" endtime="20230807 00:42:37.134"/>
</kw>
<status status="PASS" starttime="20230807 00:42:36.926" endtime="20230807 00:42:37.135"/>
</kw>
<status status="PASS" starttime="20230807 00:42:36.926" endtime="20230807 00:42:37.135"/>
</iter>
<iter>
<var name="${sales_rep}">{'First Name': 'Belinda', 'Last Name': 'Blumenthal', 'Sales': 115410, 'Sales Target': 70000}</var>
<kw name="Fill the form using the data from one person">
<arg>${sales_rep}</arg>
<kw name="Fill Text" library="RPA.Browser.Playwright">
<arg>id=firstname</arg>
<arg>${sales_rep}[First Name]</arg>
<tag>PageContent</tag>
<tag>Setter</tag>
<doc>Clears and fills the given ``txt`` into the text field found by ``selector``.</doc>
<msg timestamp="20230807 00:42:37.137" level="INFO">Fills the text 'Belinda' in the given field.</msg>
<status status="PASS" starttime="20230807 00:42:37.137" endtime="20230807 00:42:37.169"/>
</kw>
<kw name="Fill Text" library="RPA.Browser.Playwright">
<arg>id=lastname</arg>
<arg>${sales_rep}[Last Name]</arg>
<tag>PageContent</tag>
<tag>Setter</tag>
<doc>Clears and fills the given ``txt`` into the text field found by ``selector``.</doc>
<msg timestamp="20230807 00:42:37.170" level="INFO">Fills the text 'Blumenthal' in the given field.</msg>
<status status="PASS" starttime="20230807 00:42:37.169" endtime="20230807 00:42:37.182"/>
</kw>
<kw name="Convert To String" library="BuiltIn">
<var>${sales_target_string}</var>
<arg>${sales_rep}[Sales Target]</arg>
<doc>Converts the given item to a Unicode string.</doc>
<msg timestamp="20230807 00:42:37.183" level="INFO">${sales_target_string} = 70000</msg>
<status status="PASS" starttime="20230807 00:42:37.183" endtime="20230807 00:42:37.183"/>
</kw>
<kw name="Select Options By" library="RPA.Browser.Playwright">
<arg>id=salestarget</arg>
<arg>value</arg>
<arg>${sales_target_string}</arg>
<tag>PageContent</tag>
<tag>Setter</tag>
<doc>Selects options from select element found by ``selector``.</doc>
<status status="PASS" starttime="20230807 00:42:37.183" endtime="20230807 00:42:37.209"/>
</kw>
<kw name="Fill Text" library="RPA.Browser.Playwright">
<arg>id=salesresult</arg>
<arg>${sales_rep}[Sales]</arg>
<tag>PageContent</tag>
<tag>Setter</tag>
<doc>Clears and fills the given ``txt`` into the text field found by ``selector``.</doc>
<msg timestamp="20230807 00:42:37.210" level="INFO">Fills the text '115410' in the given field.</msg>
<status status="PASS" starttime="20230807 00:42:37.209" endtime="20230807 00:42:37.224"/>
</kw>
<kw name="Click" library="RPA.Browser.Playwright">
<arg>text="Submit"</arg>
<tag>PageContent</tag>
<tag>Setter</tag>
<doc>Simulates mouse click on the element found by ``selector``.</doc>
<status status="PASS" starttime="20230807 00:42:37.225" endtime="20230807 00:42:37.304"/>
</kw>
<status status="PASS" starttime="20230807 00:42:37.136" endtime="20230807 00:42:37.305"/>
</kw>
<status status="PASS" starttime="20230807 00:42:37.136" endtime="20230807 00:42:37.305"/>
</iter>
<iter>
<var name="${sales_rep}">{'First Name': 'Antoni', 'Last Name': 'Degoe', 'Sales': 106991, 'Sales Target': 75000}</var>
<kw name="Fill the form using the data from one person">
<arg>${sales_rep}</arg>
<kw name="Fill Text" library="RPA.Browser.Playwright">
<arg>id=firstname</arg>
<arg>${sales_rep}[First Name]</arg>
<tag>PageContent</tag>
<tag>Setter</tag>
<doc>Clears and fills the given ``txt`` into the text field found by ``selector``.</doc>
<msg timestamp="20230807 00:42:37.307" level="INFO">Fills the text 'Antoni' in the given field.</msg>
<status status="PASS" starttime="20230807 00:42:37.306" endtime="20230807 00:42:37.339"/>
</kw>
<kw name="Fill Text" library="RPA.Browser.Playwright">
<arg>id=lastname</arg>
<arg>${sales_rep}[Last Name]</arg>
<tag>PageContent</tag>
<tag>Setter</tag>
<doc>Clears and fills the given ``txt`` into the text field found by ``selector``.</doc>
<msg timestamp="20230807 00:42:37.340" level="INFO">Fills the text 'Degoe' in the given field.</msg>
<status status="PASS" starttime="20230807 00:42:37.340" endtime="20230807 00:42:37.351"/>
</kw>
<kw name="Convert To String" library="BuiltIn">
<var>${sales_target_string}</var>
<arg>${sales_rep}[Sales Target]</arg>
<doc>Converts the given item to a Unicode string.</doc>
<msg timestamp="20230807 00:42:37.352" level="INFO">${sales_target_string} = 75000</msg>
<status status="PASS" starttime="20230807 00:42:37.352" endtime="20230807 00:42:37.352"/>
</kw>
<kw name="Select Options By" library="RPA.Browser.Playwright">
<arg>id=salestarget</arg>
<arg>value</arg>
<arg>${sales_target_string}</arg>
<tag>PageContent</tag>
<tag>Setter</tag>
<doc>Selects options from select element found by ``selector``.</doc>
<status status="PASS" starttime="20230807 00:42:37.352" endtime="20230807 00:42:37.376"/>
</kw>
<kw name="Fill Text" library="RPA.Browser.Playwright">
<arg>id=salesresult</arg>
<arg>${sales_rep}[Sales]</arg>
<tag>PageContent</tag>
<tag>Setter</tag>
<doc>Clears and fills the given ``txt`` into the text field found by ``selector``.</doc>
<msg timestamp="20230807 00:42:37.377" level="INFO">Fills the text '106991' in the given field.</msg>
<status status="PASS" starttime="20230807 00:42:37.376" endtime="20230807 00:42:37.390"/>
</kw>
<kw name="Click" library="RPA.Browser.Playwright">
<arg>text="Submit"</arg>
<tag>PageContent</tag>
<tag>Setter</tag>
<doc>Simulates mouse click on the element found by ``selector``.</doc>
<status status="PASS" starttime="20230807 00:42:37.390" endtime="20230807 00:42:37.467"/>
</kw>
<status status="PASS" starttime="20230807 00:42:37.305" endtime="20230807 00:42:37.468"/>
</kw>
<status status="PASS" starttime="20230807 00:42:37.305" endtime="20230807 00:42:37.468"/>
</iter>
<iter>
<var name="${sales_rep}">{'First Name': 'Donnamarie', 'Last Name': 'Watts', 'Sales': 25924, 'Sales Target': 85000}</var>
<kw name="Fill the form using the data from one person">
<arg>${sales_rep}</arg>
<kw name="Fill Text" library="RPA.Browser.Playwright">
<arg>id=firstname</arg>
<arg>${sales_rep}[First Name]</arg>
<tag>PageContent</tag>
<tag>Setter</tag>
<doc>Clears and fills the given ``txt`` into the text field found by ``selector``.</doc>
<msg timestamp="20230807 00:42:37.470" level="INFO">Fills the text 'Donnamarie' in the given field.</msg>
<status status="PASS" starttime="20230807 00:42:37.469" endtime="20230807 00:42:37.504"/>
</kw>
<kw name="Fill Text" library="RPA.Browser.Playwright">
<arg>id=lastname</arg>
<arg>${sales_rep}[Last Name]</arg>
<tag>PageContent</tag>
<tag>Setter</tag>
<doc>Clears and fills the given ``txt`` into the text field found by ``selector``.</doc>
<msg timestamp="20230807 00:42:37.505" level="INFO">Fills the text 'Watts' in the given field.</msg>
<status status="PASS" starttime="20230807 00:42:37.505" endtime="20230807 00:42:37.518"/>
</kw>
<kw name="Convert To String" library="BuiltIn">
<var>${sales_target_string}</var>
<arg>${sales_rep}[Sales Target]</arg>
<doc>Converts the given item to a Unicode string.</doc>
<msg timestamp="20230807 00:42:37.518" level="INFO">${sales_target_string} = 85000</msg>
<status status="PASS" starttime="20230807 00:42:37.518" endtime="20230807 00:42:37.519"/>
</kw>
<kw name="Select Options By" library="RPA.Browser.Playwright">
<arg>id=salestarget</arg>
<arg>value</arg>
<arg>${sales_target_string}</arg>
<tag>PageContent</tag>
<tag>Setter</tag>
<doc>Selects options from select element found by ``selector``.</doc>
<status status="PASS" starttime="20230807 00:42:37.519" endtime="20230807 00:42:37.542"/>
</kw>
<kw name="Fill Text" library="RPA.Browser.Playwright">
<arg>id=salesresult</arg>
<arg>${sales_rep}[Sales]</arg>
<tag>PageContent</tag>
<tag>Setter</tag>
<doc>Clears and fills the given ``txt`` into the text field found by ``selector``.</doc>
<msg timestamp="20230807 00:42:37.543" level="INFO">Fills the text '25924' in the given field.</msg>
<status status="PASS" starttime="20230807 00:42:37.543" endtime="20230807 00:42:37.554"/>
</kw>
<kw name="Click" library="RPA.Browser.Playwright">
<arg>text="Submit"</arg>
<tag>PageContent</tag>
<tag>Setter</tag>
<doc>Simulates mouse click on the element found by ``selector``.</doc>
<status status="PASS" starttime="20230807 00:42:37.554" endtime="20230807 00:42:37.640"/>
</kw>
<status status="PASS" starttime="20230807 00:42:37.469" endtime="20230807 00:42:37.640"/>
</kw>
<status status="PASS" starttime="20230807 00:42:37.468" endtime="20230807 00:42:37.640"/>
</iter>
<iter>
<var name="${sales_rep}">{'First Name': 'Anabella', 'Last Name': 'Blindermann', 'Sales': 43564, 'Sales Target': 85000}</var>
<kw name="Fill the form using the data from one person">
<arg>${sales_rep}</arg>
<kw name="Fill Text" library="RPA.Browser.Playwright">
<arg>id=firstname</arg>
<arg>${sales_rep}[First Name]</arg>
<tag>PageContent</tag>
<tag>Setter</tag>
<doc>Clears and fills the given ``txt`` into the text field found by ``selector``.</doc>
<msg timestamp="20230807 00:42:37.642" level="INFO">Fills the text 'Anabella' in the given field.</msg>
<status status="PASS" starttime="20230807 00:42:37.642" endtime="20230807 00:42:37.674"/>
</kw>
<kw name="Fill Text" library="RPA.Browser.Playwright">
<arg>id=lastname</arg>
<arg>${sales_rep}[Last Name]</arg>
<tag>PageContent</tag>
<tag>Setter</tag>
<doc>Clears and fills the given ``txt`` into the text field found by ``selector``.</doc>
<msg timestamp="20230807 00:42:37.675" level="INFO">Fills the text 'Blindermann' in the given field.</msg>
<status status="PASS" starttime="20230807 00:42:37.674" endtime="20230807 00:42:37.687"/>
</kw>
<kw name="Convert To String" library="BuiltIn">
<var>${sales_target_string}</var>
<arg>${sales_rep}[Sales Target]</arg>
<doc>Converts the given item to a Unicode string.</doc>
<msg timestamp="20230807 00:42:37.688" level="INFO">${sales_target_string} = 85000</msg>
<status status="PASS" starttime="20230807 00:42:37.688" endtime="20230807 00:42:37.688"/>
</kw>
<kw name="Select Options By" library="RPA.Browser.Playwright">
<arg>id=salestarget</arg>
<arg>value</arg>
<arg>${sales_target_string}</arg>
<tag>PageContent</tag>
<tag>Setter</tag>
<doc>Selects options from select element found by ``selector``.</doc>
<status status="PASS" starttime="20230807 00:42:37.689" endtime="20230807 00:42:37.765"/>
</kw>
<kw name="Fill Text" library="RPA.Browser.Playwright">
<arg>id=salesresult</arg>
<arg>${sales_rep}[Sales]</arg>
<tag>PageContent</tag>
<tag>Setter</tag>
<doc>Clears and fills the given ``txt`` into the text field found by ``selector``.</doc>
<msg timestamp="20230807 00:42:37.766" level="INFO">Fills the text '43564' in the given field.</msg>
<status status="PASS" starttime="20230807 00:42:37.765" endtime="20230807 00:42:37.779"/>
</kw>
<kw name="Click" library="RPA.Browser.Playwright">
<arg>text="Submit"</arg>
<tag>PageContent</tag>
<tag>Setter</tag>
<doc>Simulates mouse click on the element found by ``selector``.</doc>
<status status="PASS" starttime="20230807 00:42:37.779" endtime="20230807 00:42:37.852"/>
</kw>
<status status="PASS" starttime="20230807 00:42:37.641" endtime="20230807 00:42:37.853"/>
</kw>
<status status="PASS" starttime="20230807 00:42:37.641" endtime="20230807 00:42:37.853"/>
</iter>
<iter>
<var name="${sales_rep}">{'First Name': 'Fred', 'Last Name': 'Mengoni', 'Sales': 131725, 'Sales Target': 5000}</var>
<kw name="Fill the form using the data from one person">
<arg>${sales_rep}</arg>
<kw name="Fill Text" library="RPA.Browser.Playwright">
<arg>id=firstname</arg>
<arg>${sales_rep}[First Name]</arg>
<tag>PageContent</tag>
<tag>Setter</tag>
<doc>Clears and fills the given ``txt`` into the text field found by ``selector``.</doc>
<msg timestamp="20230807 00:42:37.855" level="INFO">Fills the text 'Fred' in the given field.</msg>
<status status="PASS" starttime="20230807 00:42:37.855" endtime="20230807 00:42:37.896"/>
</kw>
<kw name="Fill Text" library="RPA.Browser.Playwright">
<arg>id=lastname</arg>
<arg>${sales_rep}[Last Name]</arg>
<tag>PageContent</tag>
<tag>Setter</tag>
<doc>Clears and fills the given ``txt`` into the text field found by ``selector``.</doc>
<msg timestamp="20230807 00:42:37.897" level="INFO">Fills the text 'Mengoni' in the given field.</msg>
<status status="PASS" starttime="20230807 00:42:37.896" endtime="20230807 00:42:37.909"/>
</kw>
<kw name="Convert To String" library="BuiltIn">
<var>${sales_target_string}</var>
<arg>${sales_rep}[Sales Target]</arg>
<doc>Converts the given item to a Unicode string.</doc>
<msg timestamp="20230807 00:42:37.910" level="INFO">${sales_target_string} = 5000</msg>
<status status="PASS" starttime="20230807 00:42:37.909" endtime="20230807 00:42:37.910"/>
</kw>
<kw name="Select Options By" library="RPA.Browser.Playwright">
<arg>id=salestarget</arg>
<arg>value</arg>
<arg>${sales_target_string}</arg>
<tag>PageContent</tag>
<tag>Setter</tag>
<doc>Selects options from select element found by ``selector``.</doc>
<status status="PASS" starttime="20230807 00:42:37.910" endtime="20230807 00:42:37.933"/>
</kw>
<kw name="Fill Text" library="RPA.Browser.Playwright">
<arg>id=salesresult</arg>
<arg>${sales_rep}[Sales]</arg>
<tag>PageContent</tag>
<tag>Setter</tag>
<doc>Clears and fills the given ``txt`` into the text field found by ``selector``.</doc>
<msg timestamp="20230807 00:42:37.933" level="INFO">Fills the text '131725' in the given field.</msg>
<status status="PASS" starttime="20230807 00:42:37.933" endtime="20230807 00:42:37.946"/>
</kw>
<kw name="Click" library="RPA.Browser.Playwright">
<arg>text="Submit"</arg>
<tag>PageContent</tag>
<tag>Setter</tag>
<doc>Simulates mouse click on the element found by ``selector``.</doc>
<status status="PASS" starttime="20230807 00:42:37.946" endtime="20230807 00:42:38.032"/>
</kw>
<status status="PASS" starttime="20230807 00:42:37.854" endtime="20230807 00:42:38.033"/>
</kw>
<status status="PASS" starttime="20230807 00:42:37.854" endtime="20230807 00:42:38.033"/>
</iter>
<iter>
<var name="${sales_rep}">{'First Name': 'Nathanil', 'Last Name': 'Bragg', 'Sales': 100336, 'Sales Target': 35000}</var>
<kw name="Fill the form using the data from one person">
<arg>${sales_rep}</arg>
<kw name="Fill Text" library="RPA.Browser.Playwright">
<arg>id=firstname</arg>
<arg>${sales_rep}[First Name]</arg>
<tag>PageContent</tag>
<tag>Setter</tag>
<doc>Clears and fills the given ``txt`` into the text field found by ``selector``.</doc>
<msg timestamp="20230807 00:42:38.035" level="INFO">Fills the text 'Nathanil' in the given field.</msg>
<status status="PASS" starttime="20230807 00:42:38.034" endtime="20230807 00:42:38.068"/>
</kw>
<kw name="Fill Text" library="RPA.Browser.Playwright">
<arg>id=lastname</arg>
<arg>${sales_rep}[Last Name]</arg>
<tag>PageContent</tag>
<tag>Setter</tag>
<doc>Clears and fills the given ``txt`` into the text field found by ``selector``.</doc>
<msg timestamp="20230807 00:42:38.069" level="INFO">Fills the text 'Bragg' in the given field.</msg>
<status status="PASS" starttime="20230807 00:42:38.069" endtime="20230807 00:42:38.080"/>
</kw>
<kw name="Convert To String" library="BuiltIn">
<var>${sales_target_string}</var>
<arg>${sales_rep}[Sales Target]</arg>
<doc>Converts the given item to a Unicode string.</doc>
<msg timestamp="20230807 00:42:38.081" level="INFO">${sales_target_string} = 35000</msg>
<status status="PASS" starttime="20230807 00:42:38.080" endtime="20230807 00:42:38.081"/>
</kw>
<kw name="Select Options By" library="RPA.Browser.Playwright">
<arg>id=salestarget</arg>
<arg>value</arg>
<arg>${sales_target_string}</arg>
<tag>PageContent</tag>
<tag>Setter</tag>
<doc>Selects options from select element found by ``selector``.</doc>
<status status="PASS" starttime="20230807 00:42:38.081" endtime="20230807 00:42:38.101"/>
</kw>
<kw name="Fill Text" library="RPA.Browser.Playwright">
<arg>id=salesresult</arg>
<arg>${sales_rep}[Sales]</arg>
<tag>PageContent</tag>
<tag>Setter</tag>
<doc>Clears and fills the given ``txt`` into the text field found by ``selector``.</doc>
<msg timestamp="20230807 00:42:38.102" level="INFO">Fills the text '100336' in the given field.</msg>
<status status="PASS" starttime="20230807 00:42:38.102" endtime="20230807 00:42:38.114"/>
</kw>
<kw name="Click" library="RPA.Browser.Playwright">
<arg>text="Submit"</arg>
<tag>PageContent</tag>
<tag>Setter</tag>
<doc>Simulates mouse click on the element found by ``selector``.</doc>
<status status="PASS" starttime="20230807 00:42:38.115" endtime="20230807 00:42:38.207"/>
</kw>
<status status="PASS" starttime="20230807 00:42:38.034" endtime="20230807 00:42:38.208"/>
</kw>
<status status="PASS" starttime="20230807 00:42:38.033" endtime="20230807 00:42:38.208"/>
</iter>
<iter>
<var name="${sales_rep}">{'First Name': 'Casar', 'Last Name': 'Kubek', 'Sales': 143750, 'Sales Target': 100000}</var>
<kw name="Fill the form using the data from one person">
<arg>${sales_rep}</arg>
<kw name="Fill Text" library="RPA.Browser.Playwright">
<arg>id=firstname</arg>
<arg>${sales_rep}[First Name]</arg>
<tag>PageContent</tag>
<tag>Setter</tag>
<doc>Clears and fills the given ``txt`` into the text field found by ``selector``.</doc>
<msg timestamp="20230807 00:42:38.210" level="INFO">Fills the text 'Casar' in the given field.</msg>
<status status="PASS" starttime="20230807 00:42:38.209" endtime="20230807 00:42:38.248"/>
</kw>
<kw name="Fill Text" library="RPA.Browser.Playwright">
<arg>id=lastname</arg>
<arg>${sales_rep}[Last Name]</arg>
<tag>PageContent</tag>
<tag>Setter</tag>
<doc>Clears and fills the given ``txt`` into the text field found by ``selector``.</doc>
<msg timestamp="20230807 00:42:38.250" level="INFO">Fills the text 'Kubek' in the given field.</msg>
<status status="PASS" starttime="20230807 00:42:38.249" endtime="20230807 00:42:38.261"/>
</kw>
<kw name="Convert To String" library="BuiltIn">
<var>${sales_target_string}</var>
<arg>${sales_rep}[Sales Target]</arg>
<doc>Converts the given item to a Unicode string.</doc>
<msg timestamp="20230807 00:42:38.262" level="INFO">${sales_target_string} = 100000</msg>
<status status="PASS" starttime="20230807 00:42:38.261" endtime="20230807 00:42:38.262"/>
</kw>
<kw name="Select Options By" library="RPA.Browser.Playwright">
<arg>id=salestarget</arg>
<arg>value</arg>
<arg>${sales_target_string}</arg>
<tag>PageContent</tag>
<tag>Setter</tag>
<doc>Selects options from select element found by ``selector``.</doc>
<status status="PASS" starttime="20230807 00:42:38.262" endtime="20230807 00:42:38.282"/>
</kw>
<kw name="Fill Text" library="RPA.Browser.Playwright">
<arg>id=salesresult</arg>
<arg>${sales_rep}[Sales]</arg>
<tag>PageContent</tag>
<tag>Setter</tag>
<doc>Clears and fills the given ``txt`` into the text field found by ``selector``.</doc>
<msg timestamp="20230807 00:42:38.283" level="INFO">Fills the text '143750' in the given field.</msg>
<status status="PASS" starttime="20230807 00:42:38.283" endtime="20230807 00:42:38.294"/>
</kw>
<kw name="Click" library="RPA.Browser.Playwright">
<arg>text="Submit"</arg>
<tag>PageContent</tag>
<tag>Setter</tag>
<doc>Simulates mouse click on the element found by ``selector``.</doc>
<status status="PASS" starttime="20230807 00:42:38.294" endtime="20230807 00:42:38.376"/>
</kw>
<status status="PASS" starttime="20230807 00:42:38.209" endtime="20230807 00:42:38.376"/>
</kw>
<status status="PASS" starttime="20230807 00:42:38.208" endtime="20230807 00:42:38.376"/>
</iter>
<iter>
<var name="${sales_rep}">{'First Name': 'Myrtle', 'Last Name': 'Puddle', 'Sales': 22729, 'Sales Target': 10000}</var>
<kw name="Fill the form using the data from one person">
<arg>${sales_rep}</arg>
<kw name="Fill Text" library="RPA.Browser.Playwright">
<arg>id=firstname</arg>
<arg>${sales_rep}[First Name]</arg>
<tag>PageContent</tag>
<tag>Setter</tag>
<doc>Clears and fills the given ``txt`` into the text field found by ``selector``.</doc>
<msg timestamp="20230807 00:42:38.378" level="INFO">Fills the text 'Myrtle' in the given field.</msg>
<status status="PASS" starttime="20230807 00:42:38.378" endtime="20230807 00:42:38.424"/>
</kw>
<kw name="Fill Text" library="RPA.Browser.Playwright">
<arg>id=lastname</arg>
<arg>${sales_rep}[Last Name]</arg>
<tag>PageContent</tag>
<tag>Setter</tag>
<doc>Clears and fills the given ``txt`` into the text field found by ``selector``.</doc>
<msg timestamp="20230807 00:42:38.425" level="INFO">Fills the text 'Puddle' in the given field.</msg>
<status status="PASS" starttime="20230807 00:42:38.424" endtime="20230807 00:42:38.435"/>
</kw>
<kw name="Convert To String" library="BuiltIn">
<var>${sales_target_string}</var>
<arg>${sales_rep}[Sales Target]</arg>
<doc>Converts the given item to a Unicode string.</doc>
<msg timestamp="20230807 00:42:38.436" level="INFO">${sales_target_string} = 10000</msg>
<status status="PASS" starttime="20230807 00:42:38.436" endtime="20230807 00:42:38.436"/>
</kw>
<kw name="Select Options By" library="RPA.Browser.Playwright">
<arg>id=salestarget</arg>
<arg>value</arg>
<arg>${sales_target_string}</arg>
<tag>PageContent</tag>
<tag>Setter</tag>
<doc>Selects options from select element found by ``selector``.</doc>
<status status="PASS" starttime="20230807 00:42:38.437" endtime="20230807 00:42:38.464"/>
</kw>
<kw name="Fill Text" library="RPA.Browser.Playwright">
<arg>id=salesresult</arg>
<arg>${sales_rep}[Sales]</arg>
<tag>PageContent</tag>
<tag>Setter</tag>
<doc>Clears and fills the given ``txt`` into the text field found by ``selector``.</doc>
<msg timestamp="20230807 00:42:38.465" level="INFO">Fills the text '22729' in the given field.</msg>
<status status="PASS" starttime="20230807 00:42:38.464" endtime="20230807 00:42:38.476"/>
</kw>
<kw name="Click" library="RPA.Browser.Playwright">
<arg>text="Submit"</arg>
<tag>PageContent</tag>
<tag>Setter</tag>
<doc>Simulates mouse click on the element found by ``selector``.</doc>
<status status="PASS" starttime="20230807 00:42:38.476" endtime="20230807 00:42:38.554"/>
</kw>
<status status="PASS" starttime="20230807 00:42:38.377" endtime="20230807 00:42:38.555"/>
</kw>
<status status="PASS" starttime="20230807 00:42:38.377" endtime="20230807 00:42:38.555"/>
</iter>
<iter>
<var name="${sales_rep}">{'First Name': 'Devi', 'Last Name': 'Oag', 'Sales': 140919, 'Sales Target': 10000}</var>
<kw name="Fill the form using the data from one person">
<arg>${sales_rep}</arg>
<kw name="Fill Text" library="RPA.Browser.Playwright">
<arg>id=firstname</arg>
<arg>${sales_rep}[First Name]</arg>
<tag>PageContent</tag>
<tag>Setter</tag>
<doc>Clears and fills the given ``txt`` into the text field found by ``selector``.</doc>
<msg timestamp="20230807 00:42:38.557" level="INFO">Fills the text 'Devi' in the given field.</msg>
<status status="PASS" starttime="20230807 00:42:38.556" endtime="20230807 00:42:38.645"/>
</kw>
<kw name="Fill Text" library="RPA.Browser.Playwright">
<arg>id=lastname</arg>
<arg>${sales_rep}[Last Name]</arg>
<tag>PageContent</tag>
<tag>Setter</tag>
<doc>Clears and fills the given ``txt`` into the text field found by ``selector``.</doc>
<msg timestamp="20230807 00:42:38.646" level="INFO">Fills the text 'Oag' in the given field.</msg>
<status status="PASS" starttime="20230807 00:42:38.645" endtime="20230807 00:42:38.660"/>
</kw>
<kw name="Convert To String" library="BuiltIn">
<var>${sales_target_string}</var>
<arg>${sales_rep}[Sales Target]</arg>
<doc>Converts the given item to a Unicode string.</doc>
<msg timestamp="20230807 00:42:38.661" level="INFO">${sales_target_string} = 10000</msg>
<status status="PASS" starttime="20230807 00:42:38.660" endtime="20230807 00:42:38.661"/>
</kw>
<kw name="Select Options By" library="RPA.Browser.Playwright">
<arg>id=salestarget</arg>
<arg>value</arg>
<arg>${sales_target_string}</arg>
<tag>PageContent</tag>
<tag>Setter</tag>
<doc>Selects options from select element found by ``selector``.</doc>
<status status="PASS" starttime="20230807 00:42:38.661" endtime="20230807 00:42:38.684"/>
</kw>
<kw name="Fill Text" library="RPA.Browser.Playwright">
<arg>id=salesresult</arg>
<arg>${sales_rep}[Sales]</arg>
<tag>PageContent</tag>
<tag>Setter</tag>
<doc>Clears and fills the given ``txt`` into the text field found by ``selector``.</doc>
<msg timestamp="20230807 00:42:38.684" level="INFO">Fills the text '140919' in the given field.</msg>
<status status="PASS" starttime="20230807 00:42:38.684" endtime="20230807 00:42:38.698"/>
</kw>
<kw name="Click" library="RPA.Browser.Playwright">
<arg>text="Submit"</arg>
<tag>PageContent</tag>
<tag>Setter</tag>
<doc>Simulates mouse click on the element found by ``selector``.</doc>
<status status="PASS" starttime="20230807 00:42:38.698" endtime="20230807 00:42:38.786"/>
</kw>
<status status="PASS" starttime="20230807 00:42:38.556" endtime="20230807 00:42:38.786"/>
</kw>
<status status="PASS" starttime="20230807 00:42:38.555" endtime="20230807 00:42:38.787"/>
</iter>
<iter>
<var name="${sales_rep}">{'First Name': 'Emyle', 'Last Name': "O'Driscole", 'Sales': 70981, 'Sales Target': 10000}</var>
<kw name="Fill the form using the data from one person">
<arg>${sales_rep}</arg>
<kw name="Fill Text" library="RPA.Browser.Playwright">
<arg>id=firstname</arg>
<arg>${sales_rep}[First Name]</arg>
<tag>PageContent</tag>
<tag>Setter</tag>
<doc>Clears and fills the given ``txt`` into the text field found by ``selector``.</doc>
<msg timestamp="20230807 00:42:38.788" level="INFO">Fills the text 'Emyle' in the given field.</msg>
<status status="PASS" starttime="20230807 00:42:38.788" endtime="20230807 00:42:38.822"/>
</kw>
<kw name="Fill Text" library="RPA.Browser.Playwright">
<arg>id=lastname</arg>
<arg>${sales_rep}[Last Name]</arg>
<tag>PageContent</tag>
<tag>Setter</tag>
<doc>Clears and fills the given ``txt`` into the text field found by ``selector``.</doc>
<msg timestamp="20230807 00:42:38.823" level="INFO">Fills the text 'O'Driscole' in the given field.</msg>
<status status="PASS" starttime="20230807 00:42:38.822" endtime="20230807 00:42:38.838"/>
</kw>
<kw name="Convert To String" library="BuiltIn">
<var>${sales_target_string}</var>
<arg>${sales_rep}[Sales Target]</arg>
<doc>Converts the given item to a Unicode string.</doc>
<msg timestamp="20230807 00:42:38.840" level="INFO">${sales_target_string} = 10000</msg>
<status status="PASS" starttime="20230807 00:42:38.839" endtime="20230807 00:42:38.840"/>
</kw>
<kw name="Select Options By" library="RPA.Browser.Playwright">
<arg>id=salestarget</arg>
<arg>value</arg>
<arg>${sales_target_string}</arg>
<tag>PageContent</tag>
<tag>Setter</tag>
<doc>Selects options from select element found by ``selector``.</doc>
<status status="PASS" starttime="20230807 00:42:38.840" endtime="20230807 00:42:38.861"/>
</kw>
<kw name="Fill Text" library="RPA.Browser.Playwright">
<arg>id=salesresult</arg>
<arg>${sales_rep}[Sales]</arg>
<tag>PageContent</tag>
<tag>Setter</tag>
<doc>Clears and fills the given ``txt`` into the text field found by ``selector``.</doc>
<msg timestamp="20230807 00:42:38.862" level="INFO">Fills the text '70981' in the given field.</msg>
<status status="PASS" starttime="20230807 00:42:38.861" endtime="20230807 00:42:38.874"/>
</kw>
<kw name="Click" library="RPA.Browser.Playwright">
<arg>text="Submit"</arg>
<tag>PageContent</tag>
<tag>Setter</tag>
<doc>Simulates mouse click on the element found by ``selector``.</doc>
<status status="PASS" starttime="20230807 00:42:38.874" endtime="20230807 00:42:38.955"/>
</kw>
<status status="PASS" starttime="20230807 00:42:38.787" endtime="20230807 00:42:38.955"/>
</kw>
<status status="PASS" starttime="20230807 00:42:38.787" endtime="20230807 00:42:38.955"/>
</iter>
<iter>
<var name="${sales_rep}">{'First Name': 'Mickie', 'Last Name': 'Linbohm', 'Sales': 80516, 'Sales Target': 10000}</var>
<kw name="Fill the form using the data from one person">
<arg>${sales_rep}</arg>
<kw name="Fill Text" library="RPA.Browser.Playwright">
<arg>id=firstname</arg>
<arg>${sales_rep}[First Name]</arg>
<tag>PageContent</tag>
<tag>Setter</tag>
<doc>Clears and fills the given ``txt`` into the text field found by ``selector``.</doc>
<msg timestamp="20230807 00:42:38.957" level="INFO">Fills the text 'Mickie' in the given field.</msg>
<status status="PASS" starttime="20230807 00:42:38.957" endtime="20230807 00:42:38.996"/>
</kw>
<kw name="Fill Text" library="RPA.Browser.Playwright">
<arg>id=lastname</arg>
<arg>${sales_rep}[Last Name]</arg>
<tag>PageContent</tag>
<tag>Setter</tag>
<doc>Clears and fills the given ``txt`` into the text field found by ``selector``.</doc>
<msg timestamp="20230807 00:42:38.998" level="INFO">Fills the text 'Linbohm' in the given field.</msg>
<status status="PASS" starttime="20230807 00:42:38.997" endtime="20230807 00:42:39.014"/>
</kw>
<kw name="Convert To String" library="BuiltIn">
<var>${sales_target_string}</var>
<arg>${sales_rep}[Sales Target]</arg>
<doc>Converts the given item to a Unicode string.</doc>
<msg timestamp="20230807 00:42:39.015" level="INFO">${sales_target_string} = 10000</msg>
<status status="PASS" starttime="20230807 00:42:39.014" endtime="20230807 00:42:39.015"/>
</kw>
<kw name="Select Options By" library="RPA.Browser.Playwright">
<arg>id=salestarget</arg>
<arg>value</arg>
<arg>${sales_target_string}</arg>
<tag>PageContent</tag>
<tag>Setter</tag>
<doc>Selects options from select element found by ``selector``.</doc>
<status status="PASS" starttime="20230807 00:42:39.015" endtime="20230807 00:42:39.041"/>
</kw>
<kw name="Fill Text" library="RPA.Browser.Playwright">
<arg>id=salesresult</arg>
<arg>${sales_rep}[Sales]</arg>
<tag>PageContent</tag>
<tag>Setter</tag>
<doc>Clears and fills the given ``txt`` into the text field found by ``selector``.</doc>
<msg timestamp="20230807 00:42:39.042" level="INFO">Fills the text '80516' in the given field.</msg>
<status status="PASS" starttime="20230807 00:42:39.041" endtime="20230807 00:42:39.052"/>
</kw>
<kw name="Click" library="RPA.Browser.Playwright">
<arg>text="Submit"</arg>
<tag>PageContent</tag>
<tag>Setter</tag>
<doc>Simulates mouse click on the element found by ``selector``.</doc>
<status status="PASS" starttime="20230807 00:42:39.053" endtime="20230807 00:42:39.141"/>
</kw>
<status status="PASS" starttime="20230807 00:42:38.956" endtime="20230807 00:42:39.142"/>
</kw>
<status status="PASS" starttime="20230807 00:42:38.956" endtime="20230807 00:42:39.142"/>
</iter>
<iter>
<var name="${sales_rep}">{'First Name': 'Isaac', 'Last Name': 'Asimov', 'Sales': 118852, 'Sales Target': 65000}</var>
<kw name="Fill the form using the data from one person">
<arg>${sales_rep}</arg>
<kw name="Fill Text" library="RPA.Browser.Playwright">
<arg>id=firstname</arg>
<arg>${sales_rep}[First Name]</arg>
<tag>PageContent</tag>
<tag>Setter</tag>
<doc>Clears and fills the given ``txt`` into the text field found by ``selector``.</doc>
<msg timestamp="20230807 00:42:39.144" level="INFO">Fills the text 'Isaac' in the given field.</msg>
<status status="PASS" starttime="20230807 00:42:39.143" endtime="20230807 00:42:39.179"/>
</kw>
<kw name="Fill Text" library="RPA.Browser.Playwright">
<arg>id=lastname</arg>
<arg>${sales_rep}[Last Name]</arg>
<tag>PageContent</tag>
<tag>Setter</tag>
<doc>Clears and fills the given ``txt`` into the text field found by ``selector``.</doc>
<msg timestamp="20230807 00:42:39.180" level="INFO">Fills the text 'Asimov' in the given field.</msg>
<status status="PASS" starttime="20230807 00:42:39.180" endtime="20230807 00:42:39.194"/>
</kw>
<kw name="Convert To String" library="BuiltIn">
<var>${sales_target_string}</var>
<arg>${sales_rep}[Sales Target]</arg>
<doc>Converts the given item to a Unicode string.</doc>
<msg timestamp="20230807 00:42:39.195" level="INFO">${sales_target_string} = 65000</msg>
<status status="PASS" starttime="20230807 00:42:39.195" endtime="20230807 00:42:39.195"/>
</kw>
<kw name="Select Options By" library="RPA.Browser.Playwright">
<arg>id=salestarget</arg>
<arg>value</arg>
<arg>${sales_target_string}</arg>
<tag>PageContent</tag>
<tag>Setter</tag>
<doc>Selects options from select element found by ``selector``.</doc>
<status status="PASS" starttime="20230807 00:42:39.195" endtime="20230807 00:42:39.218"/>
</kw>
<kw name="Fill Text" library="RPA.Browser.Playwright">
<arg>id=salesresult</arg>
<arg>${sales_rep}[Sales]</arg>
<tag>PageContent</tag>
<tag>Setter</tag>
<doc>Clears and fills the given ``txt`` into the text field found by ``selector``.</doc>
<msg timestamp="20230807 00:42:39.218" level="INFO">Fills the text '118852' in the given field.</msg>
<status status="PASS" starttime="20230807 00:42:39.218" endtime="20230807 00:42:39.229"/>
</kw>
<kw name="Click" library="RPA.Browser.Playwright">
<arg>text="Submit"</arg>
<tag>PageContent</tag>
<tag>Setter</tag>
<doc>Simulates mouse click on the element found by ``selector``.</doc>
<status status="PASS" starttime="20230807 00:42:39.229" endtime="20230807 00:42:39.307"/>
</kw>
<status status="PASS" starttime="20230807 00:42:39.143" endtime="20230807 00:42:39.308"/>
</kw>
<status status="PASS" starttime="20230807 00:42:39.143" endtime="20230807 00:42:39.308"/>
</iter>
<iter>
<var name="${sales_rep}">{'First Name': 'Florence', 'Last Name': 'Mundow', 'Sales': 122953, 'Sales Target': 10000}</var>
<kw name="Fill the form using the data from one person">
<arg>${sales_rep}</arg>
<kw name="Fill Text" library="RPA.Browser.Playwright">
<arg>id=firstname</arg>
<arg>${sales_rep}[First Name]</arg>
<tag>PageContent</tag>
<tag>Setter</tag>
<doc>Clears and fills the given ``txt`` into the text field found by ``selector``.</doc>
<msg timestamp="20230807 00:42:39.309" level="INFO">Fills the text 'Florence' in the given field.</msg>
<status status="PASS" starttime="20230807 00:42:39.309" endtime="20230807 00:42:39.359"/>
</kw>
<kw name="Fill Text" library="RPA.Browser.Playwright">
<arg>id=lastname</arg>
<arg>${sales_rep}[Last Name]</arg>
<tag>PageContent</tag>
<tag>Setter</tag>
<doc>Clears and fills the given ``txt`` into the text field found by ``selector``.</doc>
<msg timestamp="20230807 00:42:39.360" level="INFO">Fills the text 'Mundow' in the given field.</msg>
<status status="PASS" starttime="20230807 00:42:39.359" endtime="20230807 00:42:39.374"/>
</kw>
<kw name="Convert To String" library="BuiltIn">
<var>${sales_target_string}</var>
<arg>${sales_rep}[Sales Target]</arg>
<doc>Converts the given item to a Unicode string.</doc>
<msg timestamp="20230807 00:42:39.374" level="INFO">${sales_target_string} = 10000</msg>
<status status="PASS" starttime="20230807 00:42:39.374" endtime="20230807 00:42:39.374"/>
</kw>
<kw name="Select Options By" library="RPA.Browser.Playwright">
<arg>id=salestarget</arg>
<arg>value</arg>
<arg>${sales_target_string}</arg>
<tag>PageContent</tag>
<tag>Setter</tag>
<doc>Selects options from select element found by ``selector``.</doc>
<status status="PASS" starttime="20230807 00:42:39.375" endtime="20230807 00:42:39.454"/>
</kw>
<kw name="Fill Text" library="RPA.Browser.Playwright">
<arg>id=salesresult</arg>
<arg>${sales_rep}[Sales]</arg>
<tag>PageContent</tag>
<tag>Setter</tag>
<doc>Clears and fills the given ``txt`` into the text field found by ``selector``.</doc>
<msg timestamp="20230807 00:42:39.455" level="INFO">Fills the text '122953' in the given field.</msg>
<status status="PASS" starttime="20230807 00:42:39.454" endtime="20230807 00:42:39.466"/>
</kw>
<kw name="Click" library="RPA.Browser.Playwright">
<arg>text="Submit"</arg>
<tag>PageContent</tag>
<tag>Setter</tag>
<doc>Simulates mouse click on the element found by ``selector``.</doc>
<status status="PASS" starttime="20230807 00:42:39.466" endtime="20230807 00:42:39.560"/>
</kw>
<status status="PASS" starttime="20230807 00:42:39.308" endtime="20230807 00:42:39.560"/>
</kw>
<status status="PASS" starttime="20230807 00:42:39.308" endtime="20230807 00:42:39.561"/>
</iter>
<iter>
<var name="${sales_rep}">{'First Name': 'Mahalia', 'Last Name': 'Goodee', 'Sales': 46997, 'Sales Target': 45000}</var>
<kw name="Fill the form using the data from one person">
<arg>${sales_rep}</arg>
<kw name="Fill Text" library="RPA.Browser.Playwright">
<arg>id=firstname</arg>
<arg>${sales_rep}[First Name]</arg>
<tag>PageContent</tag>
<tag>Setter</tag>
<doc>Clears and fills the given ``txt`` into the text field found by ``selector``.</doc>
<msg timestamp="20230807 00:42:39.562" level="INFO">Fills the text 'Mahalia' in the given field.</msg>
<status status="PASS" starttime="20230807 00:42:39.562" endtime="20230807 00:42:39.587"/>
</kw>
<kw name="Fill Text" library="RPA.Browser.Playwright">
<arg>id=lastname</arg>
<arg>${sales_rep}[Last Name]</arg>
<tag>PageContent</tag>
<tag>Setter</tag>
<doc>Clears and fills the given ``txt`` into the text field found by ``selector``.</doc>
<msg timestamp="20230807 00:42:39.588" level="INFO">Fills the text 'Goodee' in the given field.</msg>
<status status="PASS" starttime="20230807 00:42:39.588" endtime="20230807 00:42:39.599"/>
</kw>
<kw name="Convert To String" library="BuiltIn">
<var>${sales_target_string}</var>
<arg>${sales_rep}[Sales Target]</arg>
<doc>Converts the given item to a Unicode string.</doc>
<msg timestamp="20230807 00:42:39.600" level="INFO">${sales_target_string} = 45000</msg>
<status status="PASS" starttime="20230807 00:42:39.600" endtime="20230807 00:42:39.600"/>
</kw>
<kw name="Select Options By" library="RPA.Browser.Playwright">
<arg>id=salestarget</arg>
<arg>value</arg>
<arg>${sales_target_string}</arg>
<tag>PageContent</tag>
<tag>Setter</tag>
<doc>Selects options from select element found by ``selector``.</doc>
<status status="PASS" starttime="20230807 00:42:39.600" endtime="20230807 00:42:39.620"/>
</kw>
<kw name="Fill Text" library="RPA.Browser.Playwright">
<arg>id=salesresult</arg>
<arg>${sales_rep}[Sales]</arg>
<tag>PageContent</tag>
<tag>Setter</tag>
<doc>Clears and fills the given ``txt`` into the text field found by ``selector``.</doc>
<msg timestamp="20230807 00:42:39.621" level="INFO">Fills the text '46997' in the given field.</msg>
<status status="PASS" starttime="20230807 00:42:39.620" endtime="20230807 00:42:39.631"/>
</kw>
<kw name="Click" library="RPA.Browser.Playwright">
<arg>text="Submit"</arg>
<tag>PageContent</tag>
<tag>Setter</tag>
<doc>Simulates mouse click on the element found by ``selector``.</doc>
<status status="PASS" starttime="20230807 00:42:39.632" endtime="20230807 00:42:39.719"/>
</kw>
<status status="PASS" starttime="20230807 00:42:39.561" endtime="20230807 00:42:39.719"/>
</kw>
<status status="PASS" starttime="20230807 00:42:39.561" endtime="20230807 00:42:39.719"/>
</iter>
<iter>
<var name="${sales_rep}">{'First Name': 'Christy', 'Last Name': 'Iwaszkiewicz', 'Sales': 91465, 'Sales Target': 100000}</var>
<kw name="Fill the form using the data from one person">
<arg>${sales_rep}</arg>
<kw name="Fill Text" library="RPA.Browser.Playwright">
<arg>id=firstname</arg>
<arg>${sales_rep}[First Name]</arg>
<tag>PageContent</tag>
<tag>Setter</tag>
<doc>Clears and fills the given ``txt`` into the text field found by ``selector``.</doc>
<msg timestamp="20230807 00:42:39.722" level="INFO">Fills the text 'Christy' in the given field.</msg>
<status status="PASS" starttime="20230807 00:42:39.721" endtime="20230807 00:42:39.756"/>
</kw>
<kw name="Fill Text" library="RPA.Browser.Playwright">
<arg>id=lastname</arg>
<arg>${sales_rep}[Last Name]</arg>
<tag>PageContent</tag>
<tag>Setter</tag>
<doc>Clears and fills the given ``txt`` into the text field found by ``selector``.</doc>
<msg timestamp="20230807 00:42:39.757" level="INFO">Fills the text 'Iwaszkiewicz' in the given field.</msg>
<status status="PASS" starttime="20230807 00:42:39.756" endtime="20230807 00:42:39.769"/>
</kw>
<kw name="Convert To String" library="BuiltIn">
<var>${sales_target_string}</var>
<arg>${sales_rep}[Sales Target]</arg>
<doc>Converts the given item to a Unicode string.</doc>
<msg timestamp="20230807 00:42:39.770" level="INFO">${sales_target_string} = 100000</msg>
<status status="PASS" starttime="20230807 00:42:39.769" endtime="20230807 00:42:39.770"/>
</kw>
<kw name="Select Options By" library="RPA.Browser.Playwright">
<arg>id=salestarget</arg>
<arg>value</arg>
<arg>${sales_target_string}</arg>
<tag>PageContent</tag>
<tag>Setter</tag>
<doc>Selects options from select element found by ``selector``.</doc>
<status status="PASS" starttime="20230807 00:42:39.770" endtime="20230807 00:42:39.792"/>
</kw>
<kw name="Fill Text" library="RPA.Browser.Playwright">
<arg>id=salesresult</arg>
<arg>${sales_rep}[Sales]</arg>
<tag>PageContent</tag>
<tag>Setter</tag>
<doc>Clears and fills the given ``txt`` into the text field found by ``selector``.</doc>
<msg timestamp="20230807 00:42:39.793" level="INFO">Fills the text '91465' in the given field.</msg>
<status status="PASS" starttime="20230807 00:42:39.792" endtime="20230807 00:42:39.802"/>
</kw>
<kw name="Click" library="RPA.Browser.Playwright">
<arg>text="Submit"</arg>
<tag>PageContent</tag>
<tag>Setter</tag>
<doc>Simulates mouse click on the element found by ``selector``.</doc>
<status status="PASS" starttime="20230807 00:42:39.803" endtime="20230807 00:42:39.889"/>
</kw>
<status status="PASS" starttime="20230807 00:42:39.720" endtime="20230807 00:42:39.890"/>
</kw>
<status status="PASS" starttime="20230807 00:42:39.720" endtime="20230807 00:42:39.890"/>
</iter>
<iter>
<var name="${sales_rep}">{'First Name': 'Madelyn', 'Last Name': 'Sire', 'Sales': 66825, 'Sales Target': 60000}</var>
<kw name="Fill the form using the data from one person">
<arg>${sales_rep}</arg>
<kw name="Fill Text" library="RPA.Browser.Playwright">
<arg>id=firstname</arg>
<arg>${sales_rep}[First Name]</arg>
<tag>PageContent</tag>
<tag>Setter</tag>
<doc>Clears and fills the given ``txt`` into the text field found by ``selector``.</doc>
<msg timestamp="20230807 00:42:39.892" level="INFO">Fills the text 'Madelyn' in the given field.</msg>
<status status="PASS" starttime="20230807 00:42:39.891" endtime="20230807 00:42:39.932"/>
</kw>
<kw name="Fill Text" library="RPA.Browser.Playwright">
<arg>id=lastname</arg>
<arg>${sales_rep}[Last Name]</arg>
<tag>PageContent</tag>
<tag>Setter</tag>
<doc>Clears and fills the given ``txt`` into the text field found by ``selector``.</doc>
<msg timestamp="20230807 00:42:39.933" level="INFO">Fills the text 'Sire' in the given field.</msg>
<status status="PASS" starttime="20230807 00:42:39.933" endtime="20230807 00:42:39.945"/>
</kw>
<kw name="Convert To String" library="BuiltIn">
<var>${sales_target_string}</var>
<arg>${sales_rep}[Sales Target]</arg>
<doc>Converts the given item to a Unicode string.</doc>
<msg timestamp="20230807 00:42:39.946" level="INFO">${sales_target_string} = 60000</msg>
<status status="PASS" starttime="20230807 00:42:39.946" endtime="20230807 00:42:39.946"/>
</kw>
<kw name="Select Options By" library="RPA.Browser.Playwright">
<arg>id=salestarget</arg>
<arg>value</arg>
<arg>${sales_target_string}</arg>
<tag>PageContent</tag>
<tag>Setter</tag>
<doc>Selects options from select element found by ``selector``.</doc>
<status status="PASS" starttime="20230807 00:42:39.946" endtime="20230807 00:42:39.968"/>
</kw>
<kw name="Fill Text" library="RPA.Browser.Playwright">
<arg>id=salesresult</arg>
<arg>${sales_rep}[Sales]</arg>
<tag>PageContent</tag>
<tag>Setter</tag>
<doc>Clears and fills the given ``txt`` into the text field found by ``selector``.</doc>
<msg timestamp="20230807 00:42:39.969" level="INFO">Fills the text '66825' in the given field.</msg>
<status status="PASS" starttime="20230807 00:42:39.968" endtime="20230807 00:42:39.979"/>
</kw>
<kw name="Click" library="RPA.Browser.Playwright">
<arg>text="Submit"</arg>
<tag>PageContent</tag>
<tag>Setter</tag>
<doc>Simulates mouse click on the element found by ``selector``.</doc>
<status status="PASS" starttime="20230807 00:42:39.979" endtime="20230807 00:42:40.104"/>
</kw>
<status status="PASS" starttime="20230807 00:42:39.891" endtime="20230807 00:42:40.104"/>
</kw>
<status status="PASS" starttime="20230807 00:42:39.890" endtime="20230807 00:42:40.105"/>
</iter>
<iter>
<var name="${sales_rep}">{'First Name': 'Thurstan', 'Last Name': 'Karus', 'Sales': 131244, 'Sales Target': 50000}</var>
<kw name="Fill the form using the data from one person">
<arg>${sales_rep}</arg>
<kw name="Fill Text" library="RPA.Browser.Playwright">
<arg>id=firstname</arg>
<arg>${sales_rep}[First Name]</arg>
<tag>PageContent</tag>
<tag>Setter</tag>
<doc>Clears and fills the given ``txt`` into the text field found by ``selector``.</doc>
<msg timestamp="20230807 00:42:40.106" level="INFO">Fills the text 'Thurstan' in the given field.</msg>
<status status="PASS" starttime="20230807 00:42:40.106" endtime="20230807 00:42:40.131"/>
</kw>
<kw name="Fill Text" library="RPA.Browser.Playwright">
<arg>id=lastname</arg>
<arg>${sales_rep}[Last Name]</arg>
<tag>PageContent</tag>
<tag>Setter</tag>
<doc>Clears and fills the given ``txt`` into the text field found by ``selector``.</doc>
<msg timestamp="20230807 00:42:40.132" level="INFO">Fills the text 'Karus' in the given field.</msg>
<status status="PASS" starttime="20230807 00:42:40.132" endtime="20230807 00:42:40.145"/>
</kw>
<kw name="Convert To String" library="BuiltIn">
<var>${sales_target_string}</var>
<arg>${sales_rep}[Sales Target]</arg>
<doc>Converts the given item to a Unicode string.</doc>
<msg timestamp="20230807 00:42:40.146" level="INFO">${sales_target_string} = 50000</msg>
<status status="PASS" starttime="20230807 00:42:40.145" endtime="20230807 00:42:40.146"/>
</kw>
<kw name="Select Options By" library="RPA.Browser.Playwright">
<arg>id=salestarget</arg>
<arg>value</arg>
<arg>${sales_target_string}</arg>
<tag>PageContent</tag>
<tag>Setter</tag>
<doc>Selects options from select element found by ``selector``.</doc>
<status status="PASS" starttime="20230807 00:42:40.146" endtime="20230807 00:42:40.167"/>
</kw>
<kw name="Fill Text" library="RPA.Browser.Playwright">
<arg>id=salesresult</arg>
<arg>${sales_rep}[Sales]</arg>
<tag>PageContent</tag>
<tag>Setter</tag>
<doc>Clears and fills the given ``txt`` into the text field found by ``selector``.</doc>
<msg timestamp="20230807 00:42:40.168" level="INFO">Fills the text '131244' in the given field.</msg>
<status status="PASS" starttime="20230807 00:42:40.168" endtime="20230807 00:42:40.179"/>
</kw>
<kw name="Click" library="RPA.Browser.Playwright">
<arg>text="Submit"</arg>
<tag>PageContent</tag>
<tag>Setter</tag>
<doc>Simulates mouse click on the element found by ``selector``.</doc>
<status status="PASS" starttime="20230807 00:42:40.179" endtime="20230807 00:42:40.270"/>
</kw>
<status status="PASS" starttime="20230807 00:42:40.105" endtime="20230807 00:42:40.270"/>
</kw>
<status status="PASS" starttime="20230807 00:42:40.105" endtime="20230807 00:42:40.271"/>
</iter>
<iter>
<var name="${sales_rep}">{'First Name': 'Bibi', 'Last Name': 'Rosita', 'Sales': 94131, 'Sales Target': 30000}</var>
<kw name="Fill the form using the data from one person">
<arg>${sales_rep}</arg>
<kw name="Fill Text" library="RPA.Browser.Playwright">
<arg>id=firstname</arg>
<arg>${sales_rep}[First Name]</arg>
<tag>PageContent</tag>
<tag>Setter</tag>
<doc>Clears and fills the given ``txt`` into the text field found by ``selector``.</doc>
<msg timestamp="20230807 00:42:40.272" level="INFO">Fills the text 'Bibi' in the given field.</msg>
<status status="PASS" starttime="20230807 00:42:40.272" endtime="20230807 00:42:40.360"/>
</kw>
<kw name="Fill Text" library="RPA.Browser.Playwright">
<arg>id=lastname</arg>
<arg>${sales_rep}[Last Name]</arg>
<tag>PageContent</tag>
<tag>Setter</tag>
<doc>Clears and fills the given ``txt`` into the text field found by ``selector``.</doc>
<msg timestamp="20230807 00:42:40.361" level="INFO">Fills the text 'Rosita' in the given field.</msg>
<status status="PASS" starttime="20230807 00:42:40.361" endtime="20230807 00:42:40.374"/>
</kw>
<kw name="Convert To String" library="BuiltIn">
<var>${sales_target_string}</var>
<arg>${sales_rep}[Sales Target]</arg>
<doc>Converts the given item to a Unicode string.</doc>
<msg timestamp="20230807 00:42:40.374" level="INFO">${sales_target_string} = 30000</msg>
<status status="PASS" starttime="20230807 00:42:40.374" endtime="20230807 00:42:40.374"/>
</kw>
<kw name="Select Options By" library="RPA.Browser.Playwright">
<arg>id=salestarget</arg>
<arg>value</arg>
<arg>${sales_target_string}</arg>
<tag>PageContent</tag>
<tag>Setter</tag>
<doc>Selects options from select element found by ``selector``.</doc>
<status status="PASS" starttime="20230807 00:42:40.375" endtime="20230807 00:42:40.393"/>
</kw>
<kw name="Fill Text" library="RPA.Browser.Playwright">
<arg>id=salesresult</arg>
<arg>${sales_rep}[Sales]</arg>
<tag>PageContent</tag>
<tag>Setter</tag>
<doc>Clears and fills the given ``txt`` into the text field found by ``selector``.</doc>
<msg timestamp="20230807 00:42:40.394" level="INFO">Fills the text '94131' in the given field.</msg>
<status status="PASS" starttime="20230807 00:42:40.394" endtime="20230807 00:42:40.405"/>
</kw>
<kw name="Click" library="RPA.Browser.Playwright">
<arg>text="Submit"</arg>
<tag>PageContent</tag>
<tag>Setter</tag>
<doc>Simulates mouse click on the element found by ``selector``.</doc>
<status status="PASS" starttime="20230807 00:42:40.405" endtime="20230807 00:42:40.488"/>
</kw>
<status status="PASS" starttime="20230807 00:42:40.271" endtime="20230807 00:42:40.489"/>
</kw>
<status status="PASS" starttime="20230807 00:42:40.271" endtime="20230807 00:42:40.489"/>
</iter>
<iter>
[...]
<tag>Setter</tag>
<doc>Clears and fills the given ``txt`` into the text field found by ``selector``.</doc>
<msg timestamp="20230807 00:42:45.083" level="INFO">Fills the text 'Stannering' in the given field.</msg>
<status status="PASS" starttime="20230807 00:42:45.082" endtime="20230807 00:42:45.093"/>
</kw>
<kw name="Convert To String" library="BuiltIn">
<var>${sales_target_string}</var>
<arg>${sales_rep}[Sales Target]</arg>
<doc>Converts the given item to a Unicode string.</doc>
<msg timestamp="20230807 00:42:45.094" level="INFO">${sales_target_string} = 30000</msg>
<status status="PASS" starttime="20230807 00:42:45.093" endtime="20230807 00:42:45.094"/>
</kw>
<kw name="Select Options By" library="RPA.Browser.Playwright">
<arg>id=salestarget</arg>
<arg>value</arg>
<arg>${sales_target_string}</arg>
<tag>PageContent</tag>
<tag>Setter</tag>
<doc>Selects options from select element found by ``selector``.</doc>
<status status="PASS" starttime="20230807 00:42:45.094" endtime="20230807 00:42:45.115"/>
</kw>
<kw name="Fill Text" library="RPA.Browser.Playwright">
<arg>id=salesresult</arg>
<arg>${sales_rep}[Sales]</arg>
<tag>PageContent</tag>
<tag>Setter</tag>
<doc>Clears and fills the given ``txt`` into the text field found by ``selector``.</doc>
<msg timestamp="20230807 00:42:45.116" level="INFO">Fills the text '109884' in the given field.</msg>
<status status="PASS" starttime="20230807 00:42:45.115" endtime="20230807 00:42:45.126"/>
</kw>
<kw name="Click" library="RPA.Browser.Playwright">
<arg>text="Submit"</arg>
<tag>PageContent</tag>
<tag>Setter</tag>
<doc>Simulates mouse click on the element found by ``selector``.</doc>
<status status="PASS" starttime="20230807 00:42:45.126" endtime="20230807 00:42:45.218"/>
</kw>
<status status="PASS" starttime="20230807 00:42:45.050" endtime="20230807 00:42:45.218"/>
</kw>
<status status="PASS" starttime="20230807 00:42:45.049" endtime="20230807 00:42:45.218"/>
</iter>
<status status="PASS" starttime="20230807 00:42:35.438" endtime="20230807 00:42:45.218"/>
</for>
<status status="PASS" starttime="20230807 00:42:35.381" endtime="20230807 00:42:45.219"/>
</kw>
<kw name="Collect the results">
<kw name="Take Screenshot" library="RPA.Browser.Playwright">
<arg>sales_summary.png</arg>
<arg>css=div.sales-summary</arg>
<tag>PageContent</tag>
<doc>Takes a screenshot of the current window or element and saves it to disk.</doc>
<msg timestamp="20230807 00:42:45.393" level="INFO" html="true">&lt;/td&gt;&lt;/tr&gt;&lt;tr&gt;&lt;td colspan="3"&gt;&lt;a href="browser/screenshot/sales_summary.png.png"&gt;&lt;img src="browser/screenshot/sales_summary.png.png" width="800px"&gt;&lt;/a&gt;</msg>
<status status="PASS" starttime="20230807 00:42:45.220" endtime="20230807 00:42:45.393"/>
</kw>
<status status="PASS" starttime="20230807 00:42:45.219" endtime="20230807 00:42:45.393"/>
</kw>
<kw name="Export the table as a PDF">
<kw name="Wait For Elements State" library="RPA.Browser.Playwright">
<arg>id=sales-results</arg>
<arg>visible</arg>
<tag>PageContent</tag>
<tag>Wait</tag>
<doc>Waits for the element found by ``selector`` to satisfy state option.</doc>
<msg timestamp="20230807 00:42:45.408" level="INFO">Waited for Element with selector id=sales-results at state visible</msg>
<status status="PASS" starttime="20230807 00:42:45.394" endtime="20230807 00:42:45.409"/>
</kw>
<kw name="Get Element" library="RPA.Browser.Playwright">
<var>${element}</var>
<arg>id=sales-results</arg>
<tag>Getter</tag>
<tag>PageContent</tag>
<doc>Returns a reference to a Playwright [https://playwright.dev/docs/api/class-locator|Locator].</doc>
<msg timestamp="20230807 00:42:45.418" level="INFO">Locator found successfully.</msg>
<msg timestamp="20230807 00:42:45.419" level="INFO">${element} = element=ef62f39e-84d6-4016-8eb0-9061f9cf187b</msg>
<status status="PASS" starttime="20230807 00:42:45.409" endtime="20230807 00:42:45.419"/>
</kw>
<kw name="Get Property" library="RPA.Browser.Playwright">
<var>${sales_results_html}</var>
<arg>id=sales-results</arg>
<arg>outerHTML</arg>
<tag>Assertion</tag>
<tag>Getter</tag>
<tag>PageContent</tag>
<doc>Returns the ``property`` of the element found by ``selector``.</doc>
<msg timestamp="20230807 00:42:45.431" level="INFO">${sales_results_html} = &lt;div id="sales-results"&gt;&lt;table class="table table-dark table-striped"&gt;&lt;thead&gt;&lt;tr&gt;&lt;th width="24%" scope="col"&gt;Name&lt;/th&gt;&lt;th width="24%" scope="col"&gt;Target&lt;/th&gt;&lt;th width="24%" scope="col"&gt;Result&lt;/th&gt;&lt;th ...</msg>
<status status="PASS" starttime="20230807 00:42:45.419" endtime="20230807 00:42:45.431"/>
</kw>
<kw name="Html To Pdf" library="RPA.PDF">
<arg>${sales_results_html}</arg>
<arg>${OUTPUT_DIR}${/}sales_results.pdf</arg>
<doc>Generate a PDF file from HTML content.</doc>
<msg timestamp="20230807 00:42:45.433" level="INFO">Writing output to file /Users/qa/my-rsb-robot/output/sales_results.pdf</msg>
<msg timestamp="20230807 00:42:45.603" level="INFO">maxp pruned</msg>
<msg timestamp="20230807 00:42:45.604" level="INFO">cmap pruned</msg>
<msg timestamp="20230807 00:42:45.608" level="INFO">post pruned</msg>
<msg timestamp="20230807 00:42:45.609" level="INFO">GDEF dropped</msg>
<msg timestamp="20230807 00:42:45.610" level="INFO">GPOS dropped</msg>
<msg timestamp="20230807 00:42:45.610" level="INFO">GSUB dropped</msg>
<msg timestamp="20230807 00:42:45.613" level="INFO">name pruned</msg>
<msg timestamp="20230807 00:42:45.618" level="INFO">glyf pruned</msg>
<msg timestamp="20230807 00:42:45.618" level="INFO">Added gid0 to subset</msg>
<msg timestamp="20230807 00:42:45.618" level="INFO">Added first four glyphs to subset</msg>
<msg timestamp="20230807 00:42:45.619" level="INFO">Closing glyph list over 'glyf': 66 glyphs before</msg>
<msg timestamp="20230807 00:42:45.619" level="INFO">Glyph names: ['.notdef', '.null', 'uni0020', 'uni0024', 'uni0027', 'uni002D', 'uni002E', 'uni0030', 'uni0031', 'uni0032', 'uni0033', 'uni0034', 'uni0035', 'uni0036', 'uni0037', 'uni0038', 'uni0039', 'uni0041', 'uni0042', 'uni0043', 'uni0044', 'uni0045', 'uni0046', 'uni0047', 'uni0048', 'uni0049', 'uni004A', 'uni004B', 'uni004C', 'uni004D', 'uni004E', 'uni004F', 'uni0050', 'uni0052', 'uni0053', 'uni0054', 'uni0055', 'uni0056', 'uni0057', 'uni0059', 'uni0061', 'uni0062', 'uni0063', 'uni0064', 'uni0065', 'uni0066', 'uni0067', 'uni0068', 'uni0069', 'uni006B', 'uni006C', 'uni006D', 'uni006E', 'uni006F', 'uni0070', 'uni0072', 'uni0073', 'uni0074', 'uni0075', 'uni0076', 'uni0077', 'uni0079', 'uni007A', 'uni007B', 'uni007D', 'uni00C4']</msg>
<msg timestamp="20230807 00:42:45.620" level="INFO">Glyph IDs:   [0, 1, 2, 3, 65, 73, 84, 95, 137, 141, 161, 197, 265, 270, 280, 291, 299, 320, 374, 382, 395, 409, 421, 453, 456, 469, 504, 575, 582, 594, 612, 645, 650, 660, 679, 715, 723, 752, 759, 775, 827, 837, 867, 884, 899, 932, 936, 950, 973, 1262, 1294, 1295, 1296, 1298, 1299, 1300, 1302, 1303, 1304, 1305, 1345, 1346, 1361, 1388, 1404, 1681]</msg>
<msg timestamp="20230807 00:42:45.620" level="INFO">Closed glyph list over 'glyf': 66 glyphs after</msg>
<msg timestamp="20230807 00:42:45.620" level="INFO">Glyph names: ['.notdef', '.null', 'uni0020', 'uni0024', 'uni0027', 'uni002D', 'uni002E', 'uni0030', 'uni0031', 'uni0032', 'uni0033', 'uni0034', 'uni0035', 'uni0036', 'uni0037', 'uni0038', 'uni0039', 'uni0041', 'uni0042', 'uni0043', 'uni0044', 'uni0045', 'uni0046', 'uni0047', 'uni0048', 'uni0049', 'uni004A', 'uni004B', 'uni004C', 'uni004D', 'uni004E', 'uni004F', 'uni0050', 'uni0052', 'uni0053', 'uni0054', 'uni0055', 'uni0056', 'uni0057', 'uni0059', 'uni0061', 'uni0062', 'uni0063', 'uni0064', 'uni0065', 'uni0066', 'uni0067', 'uni0068', 'uni0069', 'uni006B', 'uni006C', 'uni006D', 'uni006E', 'uni006F', 'uni0070', 'uni0072', 'uni0073', 'uni0074', 'uni0075', 'uni0076', 'uni0077', 'uni0079', 'uni007A', 'uni007B', 'uni007D', 'uni00C4']</msg>
<msg timestamp="20230807 00:42:45.620" level="INFO">Glyph IDs:   [0, 1, 2, 3, 65, 73, 84, 95, 137, 141, 161, 197, 265, 270, 280, 291, 299, 320, 374, 382, 395, 409, 421, 453, 456, 469, 504, 575, 582, 594, 612, 645, 650, 660, 679, 715, 723, 752, 759, 775, 827, 837, 867, 884, 899, 932, 936, 950, 973, 1262, 1294, 1295, 1296, 1298, 1299, 1300, 1302, 1303, 1304, 1305, 1345, 1346, 1361, 1388, 1404, 1681]</msg>
<msg timestamp="20230807 00:42:45.621" level="INFO">Retaining 66 glyphs</msg>
<msg timestamp="20230807 00:42:45.621" level="INFO">head subsetting not needed</msg>
<msg timestamp="20230807 00:42:45.621" level="INFO">hhea subsetting not needed</msg>
<msg timestamp="20230807 00:42:45.621" level="INFO">maxp subsetting not needed</msg>
<msg timestamp="20230807 00:42:45.622" level="INFO">OS/2 subsetting not needed</msg>
<msg timestamp="20230807 00:42:45.623" level="INFO">hmtx subsetted</msg>
<msg timestamp="20230807 00:42:45.624" level="INFO">cmap subsetted</msg>
<msg timestamp="20230807 00:42:45.624" level="INFO">prep subsetting not needed</msg>
<msg timestamp="20230807 00:42:45.625" level="INFO">loca subsetting not needed</msg>
<msg timestamp="20230807 00:42:45.625" level="INFO">post subsetted</msg>
<msg timestamp="20230807 00:42:45.625" level="INFO">gasp subsetting not needed</msg>
<msg timestamp="20230807 00:42:45.625" level="INFO">STAT subsetting not needed</msg>
<msg timestamp="20230807 00:42:45.625" level="INFO">name subsetting not needed</msg>
<msg timestamp="20230807 00:42:45.626" level="INFO">glyf subsetted</msg>
<msg timestamp="20230807 00:42:45.626" level="INFO">head pruned</msg>
<msg timestamp="20230807 00:42:45.627" level="INFO">OS/2 Unicode ranges pruned: [0]</msg>
<msg timestamp="20230807 00:42:45.628" level="INFO">glyf pruned</msg>
<msg timestamp="20230807 00:42:45.657" level="INFO">maxp pruned</msg>
<msg timestamp="20230807 00:42:45.657" level="INFO">cmap pruned</msg>
<msg timestamp="20230807 00:42:45.657" level="INFO">post pruned</msg>
<msg timestamp="20230807 00:42:45.658" level="INFO">GDEF dropped</msg>
<msg timestamp="20230807 00:42:45.658" level="INFO">GPOS dropped</msg>
<msg timestamp="20230807 00:42:45.658" level="INFO">GSUB dropped</msg>
<msg timestamp="20230807 00:42:45.659" level="INFO">name pruned</msg>
<msg timestamp="20230807 00:42:45.773" level="INFO">glyf pruned</msg>
<msg timestamp="20230807 00:42:45.774" level="INFO">Added gid0 to subset</msg>
<msg timestamp="20230807 00:42:45.774" level="INFO">Added first four glyphs to subset</msg>
<msg timestamp="20230807 00:42:45.774" level="INFO">Closing glyph list over 'glyf': 35 glyphs before</msg>
<msg timestamp="20230807 00:42:45.774" level="INFO">Glyph names: ['.notdef', '.null', 'uni0020', 'uni0030', 'uni0031', 'uni0032', 'uni0033', 'uni0034', 'uni0035', 'uni0036', 'uni0037', 'uni0038', 'uni0039', 'uni0041', 'uni0044', 'uni004E', 'uni0052', 'uni0054', 'uni0061', 'uni0062', 'uni0063', 'uni0065', 'uni0066', 'uni0067', 'uni0069', 'uni006C', 'uni006D', 'uni006E', 'uni0072', 'uni0073', 'uni0074', 'uni0075', 'uni007B', 'uni007D', 'uni00C4']</msg>
<msg timestamp="20230807 00:42:45.775" level="INFO">Glyph IDs:   [0, 1, 2, 3, 84, 299, 382, 409, 504, 575, 582, 612, 645, 650, 679, 723, 752, 759, 837, 867, 884, 899, 1294, 1295, 1296, 1298, 1299, 1300, 1302, 1303, 1304, 1305, 1345, 1346, 1681]</msg>
<msg timestamp="20230807 00:42:45.775" level="INFO">Closed glyph list over 'glyf': 35 glyphs after</msg>
<msg timestamp="20230807 00:42:45.775" level="INFO">Glyph names: ['.notdef', '.null', 'uni0020', 'uni0030', 'uni0031', 'uni0032', 'uni0033', 'uni0034', 'uni0035', 'uni0036', 'uni0037', 'uni0038', 'uni0039', 'uni0041', 'uni0044', 'uni004E', 'uni0052', 'uni0054', 'uni0061', 'uni0062', 'uni0063', 'uni0065', 'uni0066', 'uni0067', 'uni0069', 'uni006C', 'uni006D', 'uni006E', 'uni0072', 'uni0073', 'uni0074', 'uni0075', 'uni007B', 'uni007D', 'uni00C4']</msg>
<msg timestamp="20230807 00:42:45.776" level="INFO">Glyph IDs:   [0, 1, 2, 3, 84, 299, 382, 409, 504, 575, 582, 612, 645, 650, 679, 723, 752, 759, 837, 867, 884, 899, 1294, 1295, 1296, 1298, 1299, 1300, 1302, 1303, 1304, 1305, 1345, 1346, 1681]</msg>
<msg timestamp="20230807 00:42:45.776" level="INFO">Retaining 35 glyphs</msg>
<msg timestamp="20230807 00:42:45.776" level="INFO">head subsetting not needed</msg>
<msg timestamp="20230807 00:42:45.777" level="INFO">hhea subsetting not needed</msg>
<msg timestamp="20230807 00:42:45.777" level="INFO">maxp subsetting not needed</msg>
<msg timestamp="20230807 00:42:45.777" level="INFO">OS/2 subsetting not needed</msg>
<msg timestamp="20230807 00:42:45.779" level="INFO">hmtx subsetted</msg>
<msg timestamp="20230807 00:42:45.780" level="INFO">cmap subsetted</msg>
<msg timestamp="20230807 00:42:45.781" level="INFO">prep subsetting not needed</msg>
<msg timestamp="20230807 00:42:45.781" level="INFO">loca subsetting not needed</msg>
<msg timestamp="20230807 00:42:45.781" level="INFO">post subsetted</msg>
<msg timestamp="20230807 00:42:45.781" level="INFO">gasp subsetting not needed</msg>
<msg timestamp="20230807 00:42:45.781" level="INFO">STAT subsetting not needed</msg>
<msg timestamp="20230807 00:42:45.781" level="INFO">name subsetting not needed</msg>
<msg timestamp="20230807 00:42:45.782" level="INFO">glyf subsetted</msg>
<msg timestamp="20230807 00:42:45.783" level="INFO">head pruned</msg>
<msg timestamp="20230807 00:42:45.783" level="INFO">OS/2 Unicode ranges pruned: [0]</msg>
<msg timestamp="20230807 00:42:45.784" level="INFO">glyf pruned</msg>
<msg timestamp="20230807 00:42:45.804" level="INFO">maxp pruned</msg>
<msg timestamp="20230807 00:42:45.804" level="INFO">cmap pruned</msg>
<msg timestamp="20230807 00:42:45.804" level="INFO">post pruned</msg>
<msg timestamp="20230807 00:42:45.804" level="INFO">GDEF dropped</msg>
<msg timestamp="20230807 00:42:45.804" level="INFO">GPOS dropped</msg>
<msg timestamp="20230807 00:42:45.805" level="INFO">GSUB dropped</msg>
<msg timestamp="20230807 00:42:45.805" level="INFO">name pruned</msg>
<msg timestamp="20230807 00:42:45.808" level="INFO">glyf pruned</msg>
<msg timestamp="20230807 00:42:45.811" level="INFO">Added gid0 to subset</msg>
<msg timestamp="20230807 00:42:45.811" level="INFO">Added first four glyphs to subset</msg>
<msg timestamp="20230807 00:42:45.811" level="INFO">Closing glyph list over 'glyf': 18 glyphs before</msg>
<msg timestamp="20230807 00:42:45.811" level="INFO">Glyph names: ['.notdef', '.null', 'uni0020', 'uni0030', 'uni0031', 'uni0032', 'uni0033', 'uni0034', 'uni0035', 'uni0036', 'uni0037', 'uni0038', 'uni0039', 'uni0062', 'uni006E', 'uni007B', 'uni007D', 'uni00A0']</msg>
<msg timestamp="20230807 00:42:45.812" level="INFO">Glyph IDs:   [0, 1, 2, 3, 544, 727, 1256, 1257, 1258, 1260, 1261, 1262, 1264, 1265, 1266, 1267, 1307, 1308]</msg>
<msg timestamp="20230807 00:42:45.812" level="INFO">Closed glyph list over 'glyf': 18 glyphs after</msg>
<msg timestamp="20230807 00:42:45.812" level="INFO">Glyph names: ['.notdef', '.null', 'uni0020', 'uni0030', 'uni0031', 'uni0032', 'uni0033', 'uni0034', 'uni0035', 'uni0036', 'uni0037', 'uni0038', 'uni0039', 'uni0062', 'uni006E', 'uni007B', 'uni007D', 'uni00A0']</msg>
<msg timestamp="20230807 00:42:45.812" level="INFO">Glyph IDs:   [0, 1, 2, 3, 544, 727, 1256, 1257, 1258, 1260, 1261, 1262, 1264, 1265, 1266, 1267, 1307, 1308]</msg>
<msg timestamp="20230807 00:42:45.812" level="INFO">Retaining 18 glyphs</msg>
<msg timestamp="20230807 00:42:45.812" level="INFO">head subsetting not needed</msg>
<msg timestamp="20230807 00:42:45.813" level="INFO">hhea subsetting not needed</msg>
<msg timestamp="20230807 00:42:45.813" level="INFO">maxp subsetting not needed</msg>
<msg timestamp="20230807 00:42:45.813" level="INFO">OS/2 subsetting not needed</msg>
<msg timestamp="20230807 00:42:45.814" level="INFO">hmtx subsetted</msg>
<msg timestamp="20230807 00:42:45.815" level="INFO">cmap subsetted</msg>
<msg timestamp="20230807 00:42:45.815" level="INFO">loca subsetting not needed</msg>
<msg timestamp="20230807 00:42:45.815" level="INFO">post subsetted</msg>
<msg timestamp="20230807 00:42:45.815" level="INFO">name subsetting not needed</msg>
<msg timestamp="20230807 00:42:45.816" level="INFO">glyf subsetted</msg>
<msg timestamp="20230807 00:42:45.816" level="INFO">head pruned</msg>
<msg timestamp="20230807 00:42:45.816" level="INFO">OS/2 Unicode ranges pruned: [0]</msg>
<msg timestamp="20230807 00:42:45.817" level="INFO">glyf pruned</msg>
<msg timestamp="20230807 00:42:45.830" level="INFO">maxp pruned</msg>
<msg timestamp="20230807 00:42:45.830" level="INFO">cmap pruned</msg>
<msg timestamp="20230807 00:42:45.830" level="INFO">post pruned</msg>
<msg timestamp="20230807 00:42:45.830" level="INFO">GDEF dropped</msg>
<msg timestamp="20230807 00:42:45.830" level="INFO">GPOS dropped</msg>
<msg timestamp="20230807 00:42:45.830" level="INFO">GSUB dropped</msg>
<msg timestamp="20230807 00:42:45.831" level="INFO">name pruned</msg>
<msg timestamp="20230807 00:42:45.835" level="INFO">glyf pruned</msg>
<msg timestamp="20230807 00:42:45.838" level="INFO">Added gid0 to subset</msg>
<msg timestamp="20230807 00:42:45.838" level="INFO">Added first four glyphs to subset</msg>
<msg timestamp="20230807 00:42:45.838" level="INFO">Closing glyph list over 'glyf': 18 glyphs before</msg>
<msg timestamp="20230807 00:42:45.838" level="INFO">Glyph names: ['.notdef', '.null', 'uni0020', 'uni0030', 'uni0031', 'uni0032', 'uni0033', 'uni0034', 'uni0035', 'uni0036', 'uni0037', 'uni0038', 'uni0039', 'uni0062', 'uni006E', 'uni007B', 'uni007D', 'uni00A0']</msg>
<msg timestamp="20230807 00:42:45.839" level="INFO">Glyph IDs:   [0, 1, 2, 3, 544, 727, 1256, 1257, 1258, 1260, 1261, 1262, 1264, 1265, 1266, 1267, 1307, 1308]</msg>
<msg timestamp="20230807 00:42:45.839" level="INFO">Closed glyph list over 'glyf': 18 glyphs after</msg>
<msg timestamp="20230807 00:42:45.839" level="INFO">Glyph names: ['.notdef', '.null', 'uni0020', 'uni0030', 'uni0031', 'uni0032', 'uni0033', 'uni0034', 'uni0035', 'uni0036', 'uni0037', 'uni0038', 'uni0039', 'uni0062', 'uni006E', 'uni007B', 'uni007D', 'uni00A0']</msg>
<msg timestamp="20230807 00:42:45.839" level="INFO">Glyph IDs:   [0, 1, 2, 3, 544, 727, 1256, 1257, 1258, 1260, 1261, 1262, 1264, 1265, 1266, 1267, 1307, 1308]</msg>
<msg timestamp="20230807 00:42:45.839" level="INFO">Retaining 18 glyphs</msg>
<msg timestamp="20230807 00:42:45.840" level="INFO">head subsetting not needed</msg>
<msg timestamp="20230807 00:42:45.840" level="INFO">hhea subsetting not needed</msg>
<msg timestamp="20230807 00:42:45.840" level="INFO">maxp subsetting not needed</msg>
<msg timestamp="20230807 00:42:45.840" level="INFO">OS/2 subsetting not needed</msg>
<msg timestamp="20230807 00:42:45.842" level="INFO">hmtx subsetted</msg>
<msg timestamp="20230807 00:42:45.844" level="INFO">cmap subsetted</msg>
<msg timestamp="20230807 00:42:45.844" level="INFO">loca subsetting not needed</msg>
<msg timestamp="20230807 00:42:45.844" level="INFO">post subsetted</msg>
<msg timestamp="20230807 00:42:45.844" level="INFO">name subsetting not needed</msg>
<msg timestamp="20230807 00:42:45.845" level="INFO">glyf subsetted</msg>
<msg timestamp="20230807 00:42:45.845" level="INFO">head pruned</msg>
<msg timestamp="20230807 00:42:45.846" level="INFO">OS/2 Unicode ranges pruned: [0]</msg>
<msg timestamp="20230807 00:42:45.846" level="INFO">glyf pruned</msg>
<status status="PASS" starttime="20230807 00:42:45.431" endtime="20230807 00:42:45.856"/>
</kw>
<status status="PASS" starttime="20230807 00:42:45.394" endtime="20230807 00:42:45.856"/>
</kw>
<status status="PASS" starttime="20230807 00:42:30.343" endtime="20230807 00:42:45.856"/>
</test>
<doc>Playwright template.</doc>
<status status="PASS" starttime="20230807 00:42:26.961" endtime="20230807 00:42:45.955"/>
</suite>
<statistics>
<total>
<stat pass="1" fail="0" skip="0">All Tasks</stat>
</total>
<tag>
</tag>
<suite>
<stat pass="1" fail="0" skip="0" id="s1" name="Tasks">Tasks</stat>
</suite>
</statistics>
<errors>
<msg timestamp="20230807 00:42:30.349" level="WARN">Open Browser is for quick experimentation and debugging only. Use New Page for production.</msg>
</errors>
</robot>
